{"numFailedTestSuites":9,"numFailedTests":15,"numPassedTestSuites":0,"numPassedTests":12,"numPendingTestSuites":0,"numPendingTests":0,"numRuntimeErrorTestSuites":0,"numTodoTests":0,"numTotalTestSuites":9,"numTotalTests":27,"openHandles":[],"snapshot":{"added":0,"didUpdate":false,"failure":false,"filesAdded":0,"filesRemoved":0,"filesRemovedList":[],"filesUnmatched":0,"filesUpdated":0,"matched":0,"total":0,"unchecked":0,"uncheckedKeysByFile":[],"unmatched":0,"updated":0},"startTime":1699814979747,"success":false,"testResults":[{"assertionResults":[{"ancestorTitles":["API Functions"],"duration":11,"failureDetails":[],"failureMessages":[],"fullName":"API Functions deberia crear un usuario","invocations":1,"location":null,"numPassingAsserts":2,"retryReasons":[],"status":"passed","title":"deberia crear un usuario"},{"ancestorTitles":["API Functions"],"duration":1,"failureDetails":[],"failureMessages":[],"fullName":"API Functions deberia crear una partida","invocations":1,"location":null,"numPassingAsserts":2,"retryReasons":[],"status":"passed","title":"deberia crear una partida"},{"ancestorTitles":["API Functions"],"duration":96,"failureDetails":[{}],"failureMessages":["TypeError: Cannot read properties of undefined (reading 'players')\n    at Object.players (/home/benjamin/Documents/Ingeneria/frontend/la_cosa_app/public/tests/api.test.js:49:30)\n    at processTicksAndRejections (node:internal/process/task_queues:95:5)"],"fullName":"API Functions should get jugadores","invocations":1,"location":null,"numPassingAsserts":0,"retryReasons":[],"status":"failed","title":"should get jugadores"}],"endTime":1699814981432,"message":"  ● API Functions › should get jugadores\n\n    TypeError: Cannot read properties of undefined (reading 'players')\n\n      47 |         const response = await getJugadores(\"Game1\");\n      48 |         //expect(response.status).toBe(200);\n    > 49 |         expect(response.data.players).toEqual([\"Juan\", \"Ramon\"]);\n         |                              ^\n      50 |     });\n      51 |\n      52 |     // Agrega pruebas para las demás funciones\n\n      at Object.players (public/tests/api.test.js:49:30)\n","name":"/home/benjamin/Documents/Ingeneria/frontend/la_cosa_app/public/tests/api.test.js","startTime":1699814980570,"status":"failed","summary":""},{"assertionResults":[{"ancestorTitles":["ButtonsBox Component"],"duration":169,"failureDetails":[{"matcherResult":{"message":"expect(jest.fn()).toHaveBeenCalledWith(...expected)\n\nExpected: \"{\\\"message_type\\\":\\\"jugar carta\\\",\\\"message_content\\\":{\\\"card_name\\\":\\\"ExampleCard\\\",\\\"card_id\\\":\\\"123\\\",\\\"target\\\":\\\"ExampleTarget\\\"}}\"\nReceived: \"{\\\"message_type\\\":\\\"jugar carta\\\",\\\"message_content\\\":{\\\"card_name\\\":\\\"ExampleCard\\\",\\\"card_id\\\":\\\"123\\\",\\\"target\\\":null}}\"\n\nNumber of calls: 1","pass":false}}],"failureMessages":["Error: expect(jest.fn()).toHaveBeenCalledWith(...expected)\n\nExpected: \"{\\\"message_type\\\":\\\"jugar carta\\\",\\\"message_content\\\":{\\\"card_name\\\":\\\"ExampleCard\\\",\\\"card_id\\\":\\\"123\\\",\\\"target\\\":\\\"ExampleTarget\\\"}}\"\nReceived: \"{\\\"message_type\\\":\\\"jugar carta\\\",\\\"message_content\\\":{\\\"card_name\\\":\\\"ExampleCard\\\",\\\"card_id\\\":\\\"123\\\",\\\"target\\\":null}}\"\n\nNumber of calls: 1\n    at Object.toHaveBeenCalledWith (/home/benjamin/Documents/Ingeneria/frontend/la_cosa_app/public/tests/ButtonsBox.test.js:70:34)\n    at Promise.then.completed (/home/benjamin/Documents/Ingeneria/frontend/la_cosa_app/node_modules/jest-circus/build/utils.js:298:28)\n    at new Promise (<anonymous>)\n    at callAsyncCircusFn (/home/benjamin/Documents/Ingeneria/frontend/la_cosa_app/node_modules/jest-circus/build/utils.js:231:10)\n    at _callCircusTest (/home/benjamin/Documents/Ingeneria/frontend/la_cosa_app/node_modules/jest-circus/build/run.js:316:40)\n    at processTicksAndRejections (node:internal/process/task_queues:95:5)\n    at _runTest (/home/benjamin/Documents/Ingeneria/frontend/la_cosa_app/node_modules/jest-circus/build/run.js:252:3)\n    at _runTestsForDescribeBlock (/home/benjamin/Documents/Ingeneria/frontend/la_cosa_app/node_modules/jest-circus/build/run.js:126:9)\n    at _runTestsForDescribeBlock (/home/benjamin/Documents/Ingeneria/frontend/la_cosa_app/node_modules/jest-circus/build/run.js:121:9)\n    at run (/home/benjamin/Documents/Ingeneria/frontend/la_cosa_app/node_modules/jest-circus/build/run.js:71:3)\n    at runAndTransformResultsToJestFormat (/home/benjamin/Documents/Ingeneria/frontend/la_cosa_app/node_modules/jest-circus/build/legacy-code-todo-rewrite/jestAdapterInit.js:122:21)\n    at jestAdapter (/home/benjamin/Documents/Ingeneria/frontend/la_cosa_app/node_modules/jest-circus/build/legacy-code-todo-rewrite/jestAdapter.js:79:19)\n    at runTestInternal (/home/benjamin/Documents/Ingeneria/frontend/la_cosa_app/node_modules/jest-runner/build/runTest.js:367:16)\n    at runTest (/home/benjamin/Documents/Ingeneria/frontend/la_cosa_app/node_modules/jest-runner/build/runTest.js:444:34)\n    at Object.worker (/home/benjamin/Documents/Ingeneria/frontend/la_cosa_app/node_modules/jest-runner/build/testWorker.js:106:12)"],"fullName":"ButtonsBox Component handles button click for playing a card","invocations":1,"location":null,"numPassingAsserts":0,"retryReasons":[],"status":"failed","title":"handles button click for playing a card"},{"ancestorTitles":["ButtonsBox Component"],"duration":23,"failureDetails":[],"failureMessages":[],"fullName":"ButtonsBox Component handles button click for discarding a card","invocations":1,"location":null,"numPassingAsserts":1,"retryReasons":[],"status":"passed","title":"handles button click for discarding a card"},{"ancestorTitles":[],"duration":43,"failureDetails":[],"failureMessages":[],"fullName":"No quedan mas humanos","invocations":1,"location":null,"numPassingAsserts":2,"retryReasons":[],"status":"passed","title":"No quedan mas humanos"}],"endTime":1699814982589,"message":"  ● ButtonsBox Component › handles button click for playing a card\n\n    expect(jest.fn()).toHaveBeenCalledWith(...expected)\n\n    Expected: \"{\\\"message_type\\\":\\\"jugar carta\\\",\\\"message_content\\\":{\\\"card_name\\\":\\\"ExampleCard\\\",\\\"card_id\\\":\\\"123\\\",\\\"target\\\":\\\"ExampleTarget\\\"}}\"\n    Received: \"{\\\"message_type\\\":\\\"jugar carta\\\",\\\"message_content\\\":{\\\"card_name\\\":\\\"ExampleCard\\\",\\\"card_id\\\":\\\"123\\\",\\\"target\\\":null}}\"\n\n    Number of calls: 1\n\n      68 |             },\n      69 |         };\n    > 70 |       expect(global.socket.send).toHaveBeenCalledWith(JSON.stringify({ ...expected_msg }));\n         |                                  ^\n      71 |     });\n      72 |   });\n      73 |   \n\n      at Object.toHaveBeenCalledWith (public/tests/ButtonsBox.test.js:70:34)\n","name":"/home/benjamin/Documents/Ingeneria/frontend/la_cosa_app/public/tests/ButtonsBox.test.js","startTime":1699814980629,"status":"failed","summary":""},{"assertionResults":[{"ancestorTitles":["RoleSign"],"duration":69,"failureDetails":[],"failureMessages":[],"fullName":"RoleSign renders with role information and tooltip for HUMANO role","invocations":1,"location":null,"numPassingAsserts":1,"retryReasons":[],"status":"passed","title":"renders with role information and tooltip for HUMANO role"},{"ancestorTitles":["RoleSign"],"duration":20,"failureDetails":[{"name":"TestingLibraryElementError"}],"failureMessages":["TestingLibraryElementError: Unable to find an element with the text: Su objetivo es trabajar con la Cosa para infectar al resto de los humanos o eliminarlos de la partida. This could be because the text is broken up by multiple elements. In this case, you can provide a function for your text matcher to make your matcher more flexible.\n\nIgnored nodes: comments, script, style\n\u001b[36m<body>\u001b[39m\n  \u001b[36m<div>\u001b[39m\n    \u001b[36m<span\u001b[39m\n      \u001b[33mclass\u001b[39m=\u001b[32m\"\"\u001b[39m\n      \u001b[33mdata-mui-internal-clone-element\u001b[39m=\u001b[32m\"true\"\u001b[39m\n      \u001b[33minteractive\u001b[39m=\u001b[32m\"true\"\u001b[39m\n      \u001b[33mstyle\u001b[39m=\u001b[32m\"color: red; font-size: 35px; font-weight: bold; cursor: pointer; margin: 2rem;\"\u001b[39m\n    \u001b[36m>\u001b[39m\n      \u001b[0mINFECTADO\u001b[0m\n    \u001b[36m</span>\u001b[39m\n  \u001b[36m</div>\u001b[39m\n\u001b[36m</body>\u001b[39m\n    at Object.getElementError (/home/benjamin/Documents/Ingeneria/frontend/la_cosa_app/node_modules/@testing-library/dom/dist/config.js:37:19)\n    at /home/benjamin/Documents/Ingeneria/frontend/la_cosa_app/node_modules/@testing-library/dom/dist/query-helpers.js:76:38\n    at /home/benjamin/Documents/Ingeneria/frontend/la_cosa_app/node_modules/@testing-library/dom/dist/query-helpers.js:52:17\n    at /home/benjamin/Documents/Ingeneria/frontend/la_cosa_app/node_modules/@testing-library/dom/dist/query-helpers.js:95:19\n    at Object.getByText (/home/benjamin/Documents/Ingeneria/frontend/la_cosa_app/public/tests/RoleSign.test.js:62:16)\n    at Promise.then.completed (/home/benjamin/Documents/Ingeneria/frontend/la_cosa_app/node_modules/jest-circus/build/utils.js:298:28)\n    at new Promise (<anonymous>)\n    at callAsyncCircusFn (/home/benjamin/Documents/Ingeneria/frontend/la_cosa_app/node_modules/jest-circus/build/utils.js:231:10)\n    at _callCircusTest (/home/benjamin/Documents/Ingeneria/frontend/la_cosa_app/node_modules/jest-circus/build/run.js:316:40)\n    at processTicksAndRejections (node:internal/process/task_queues:95:5)\n    at _runTest (/home/benjamin/Documents/Ingeneria/frontend/la_cosa_app/node_modules/jest-circus/build/run.js:252:3)\n    at _runTestsForDescribeBlock (/home/benjamin/Documents/Ingeneria/frontend/la_cosa_app/node_modules/jest-circus/build/run.js:126:9)\n    at _runTestsForDescribeBlock (/home/benjamin/Documents/Ingeneria/frontend/la_cosa_app/node_modules/jest-circus/build/run.js:121:9)\n    at run (/home/benjamin/Documents/Ingeneria/frontend/la_cosa_app/node_modules/jest-circus/build/run.js:71:3)\n    at runAndTransformResultsToJestFormat (/home/benjamin/Documents/Ingeneria/frontend/la_cosa_app/node_modules/jest-circus/build/legacy-code-todo-rewrite/jestAdapterInit.js:122:21)\n    at jestAdapter (/home/benjamin/Documents/Ingeneria/frontend/la_cosa_app/node_modules/jest-circus/build/legacy-code-todo-rewrite/jestAdapter.js:79:19)\n    at runTestInternal (/home/benjamin/Documents/Ingeneria/frontend/la_cosa_app/node_modules/jest-runner/build/runTest.js:367:16)\n    at runTest (/home/benjamin/Documents/Ingeneria/frontend/la_cosa_app/node_modules/jest-runner/build/runTest.js:444:34)\n    at Object.worker (/home/benjamin/Documents/Ingeneria/frontend/la_cosa_app/node_modules/jest-runner/build/testWorker.js:106:12)"],"fullName":"RoleSign renders with role information and tooltip for INFECTADO role","invocations":1,"location":null,"numPassingAsserts":1,"retryReasons":[],"status":"failed","title":"renders with role information and tooltip for INFECTADO role"},{"ancestorTitles":["RoleSign"],"duration":18,"failureDetails":[{"name":"TestingLibraryElementError"}],"failureMessages":["TestingLibraryElementError: Unable to find an element with the text: Su objetivo es destruir a todos los Humanos, convirtiéndolos en aliados Infectados o eliminándolos de la partida.. This could be because the text is broken up by multiple elements. In this case, you can provide a function for your text matcher to make your matcher more flexible.\n\nIgnored nodes: comments, script, style\n\u001b[36m<body>\u001b[39m\n  \u001b[36m<div>\u001b[39m\n    \u001b[36m<span\u001b[39m\n      \u001b[33mclass\u001b[39m=\u001b[32m\"\"\u001b[39m\n      \u001b[33mdata-mui-internal-clone-element\u001b[39m=\u001b[32m\"true\"\u001b[39m\n      \u001b[33minteractive\u001b[39m=\u001b[32m\"true\"\u001b[39m\n      \u001b[33mstyle\u001b[39m=\u001b[32m\"color: black; font-size: 35px; font-weight: bold; cursor: pointer; margin: 2rem;\"\u001b[39m\n    \u001b[36m>\u001b[39m\n      \u001b[0mLA COSA\u001b[0m\n    \u001b[36m</span>\u001b[39m\n  \u001b[36m</div>\u001b[39m\n\u001b[36m</body>\u001b[39m\n    at Object.getElementError (/home/benjamin/Documents/Ingeneria/frontend/la_cosa_app/node_modules/@testing-library/dom/dist/config.js:37:19)\n    at /home/benjamin/Documents/Ingeneria/frontend/la_cosa_app/node_modules/@testing-library/dom/dist/query-helpers.js:76:38\n    at /home/benjamin/Documents/Ingeneria/frontend/la_cosa_app/node_modules/@testing-library/dom/dist/query-helpers.js:52:17\n    at /home/benjamin/Documents/Ingeneria/frontend/la_cosa_app/node_modules/@testing-library/dom/dist/query-helpers.js:95:19\n    at Object.getByText (/home/benjamin/Documents/Ingeneria/frontend/la_cosa_app/public/tests/RoleSign.test.js:88:16)\n    at Promise.then.completed (/home/benjamin/Documents/Ingeneria/frontend/la_cosa_app/node_modules/jest-circus/build/utils.js:298:28)\n    at new Promise (<anonymous>)\n    at callAsyncCircusFn (/home/benjamin/Documents/Ingeneria/frontend/la_cosa_app/node_modules/jest-circus/build/utils.js:231:10)\n    at _callCircusTest (/home/benjamin/Documents/Ingeneria/frontend/la_cosa_app/node_modules/jest-circus/build/run.js:316:40)\n    at processTicksAndRejections (node:internal/process/task_queues:95:5)\n    at _runTest (/home/benjamin/Documents/Ingeneria/frontend/la_cosa_app/node_modules/jest-circus/build/run.js:252:3)\n    at _runTestsForDescribeBlock (/home/benjamin/Documents/Ingeneria/frontend/la_cosa_app/node_modules/jest-circus/build/run.js:126:9)\n    at _runTestsForDescribeBlock (/home/benjamin/Documents/Ingeneria/frontend/la_cosa_app/node_modules/jest-circus/build/run.js:121:9)\n    at run (/home/benjamin/Documents/Ingeneria/frontend/la_cosa_app/node_modules/jest-circus/build/run.js:71:3)\n    at runAndTransformResultsToJestFormat (/home/benjamin/Documents/Ingeneria/frontend/la_cosa_app/node_modules/jest-circus/build/legacy-code-todo-rewrite/jestAdapterInit.js:122:21)\n    at jestAdapter (/home/benjamin/Documents/Ingeneria/frontend/la_cosa_app/node_modules/jest-circus/build/legacy-code-todo-rewrite/jestAdapter.js:79:19)\n    at runTestInternal (/home/benjamin/Documents/Ingeneria/frontend/la_cosa_app/node_modules/jest-runner/build/runTest.js:367:16)\n    at runTest (/home/benjamin/Documents/Ingeneria/frontend/la_cosa_app/node_modules/jest-runner/build/runTest.js:444:34)\n    at Object.worker (/home/benjamin/Documents/Ingeneria/frontend/la_cosa_app/node_modules/jest-runner/build/testWorker.js:106:12)"],"fullName":"RoleSign renders with role information and tooltip for LA_COSA role","invocations":1,"location":null,"numPassingAsserts":1,"retryReasons":[],"status":"failed","title":"renders with role information and tooltip for LA_COSA role"}],"endTime":1699814982644,"message":"  ● RoleSign › renders with role information and tooltip for INFECTADO role\n\n    TestingLibraryElementError: Unable to find an element with the text: Su objetivo es trabajar con la Cosa para infectar al resto de los humanos o eliminarlos de la partida. This could be because the text is broken up by multiple elements. In this case, you can provide a function for your text matcher to make your matcher more flexible.\n\n    Ignored nodes: comments, script, style\n    \u001b[36m<body>\u001b[39m\n      \u001b[36m<div>\u001b[39m\n        \u001b[36m<span\u001b[39m\n          \u001b[33mclass\u001b[39m=\u001b[32m\"\"\u001b[39m\n          \u001b[33mdata-mui-internal-clone-element\u001b[39m=\u001b[32m\"true\"\u001b[39m\n          \u001b[33minteractive\u001b[39m=\u001b[32m\"true\"\u001b[39m\n          \u001b[33mstyle\u001b[39m=\u001b[32m\"color: red; font-size: 35px; font-weight: bold; cursor: pointer; margin: 2rem;\"\u001b[39m\n        \u001b[36m>\u001b[39m\n          \u001b[0mINFECTADO\u001b[0m\n        \u001b[36m</span>\u001b[39m\n      \u001b[36m</div>\u001b[39m\n    \u001b[36m</body>\u001b[39m\n\n      60 |         fireEvent.click(tooltip);\n      61 |\n    > 62 |         expect(getByText('Su objetivo es trabajar con la Cosa para infectar al resto de los humanos o eliminarlos de la partida')).toBeInTheDocument();\n         |                ^\n      63 |\n      64 |         fireEvent.click(tooltip);\n      65 |     });\n\n      at Object.getElementError (node_modules/@testing-library/dom/dist/config.js:37:19)\n      at node_modules/@testing-library/dom/dist/query-helpers.js:76:38\n      at node_modules/@testing-library/dom/dist/query-helpers.js:52:17\n      at node_modules/@testing-library/dom/dist/query-helpers.js:95:19\n      at Object.getByText (public/tests/RoleSign.test.js:62:16)\n\n  ● RoleSign › renders with role information and tooltip for LA_COSA role\n\n    TestingLibraryElementError: Unable to find an element with the text: Su objetivo es destruir a todos los Humanos, convirtiéndolos en aliados Infectados o eliminándolos de la partida.. This could be because the text is broken up by multiple elements. In this case, you can provide a function for your text matcher to make your matcher more flexible.\n\n    Ignored nodes: comments, script, style\n    \u001b[36m<body>\u001b[39m\n      \u001b[36m<div>\u001b[39m\n        \u001b[36m<span\u001b[39m\n          \u001b[33mclass\u001b[39m=\u001b[32m\"\"\u001b[39m\n          \u001b[33mdata-mui-internal-clone-element\u001b[39m=\u001b[32m\"true\"\u001b[39m\n          \u001b[33minteractive\u001b[39m=\u001b[32m\"true\"\u001b[39m\n          \u001b[33mstyle\u001b[39m=\u001b[32m\"color: black; font-size: 35px; font-weight: bold; cursor: pointer; margin: 2rem;\"\u001b[39m\n        \u001b[36m>\u001b[39m\n          \u001b[0mLA COSA\u001b[0m\n        \u001b[36m</span>\u001b[39m\n      \u001b[36m</div>\u001b[39m\n    \u001b[36m</body>\u001b[39m\n\n      86 |         fireEvent.click(tooltip);\n      87 |\n    > 88 |         expect(getByText('Su objetivo es destruir a todos los Humanos, convirtiéndolos en aliados Infectados o eliminándolos de la partida.')).toBeInTheDocument();\n         |                ^\n      89 |         fireEvent.click(tooltip);\n      90 |     });\n      91 | });\n\n      at Object.getElementError (node_modules/@testing-library/dom/dist/config.js:37:19)\n      at node_modules/@testing-library/dom/dist/query-helpers.js:76:38\n      at node_modules/@testing-library/dom/dist/query-helpers.js:52:17\n      at node_modules/@testing-library/dom/dist/query-helpers.js:95:19\n      at Object.getByText (public/tests/RoleSign.test.js:88:16)\n","name":"/home/benjamin/Documents/Ingeneria/frontend/la_cosa_app/public/tests/RoleSign.test.js","startTime":1699814980574,"status":"failed","summary":""},{"assertionResults":[{"ancestorTitles":["getJugadores"],"duration":9,"failureDetails":[],"failureMessages":[],"fullName":"getJugadores retorna lista de jugadores si match_id es válido","invocations":1,"location":null,"numPassingAsserts":1,"retryReasons":[],"status":"passed","title":"retorna lista de jugadores si match_id es válido"},{"ancestorTitles":["getJugadores"],"duration":94,"failureDetails":[],"failureMessages":[],"fullName":"getJugadores manejar error si match_id es inválido","invocations":1,"location":null,"numPassingAsserts":1,"retryReasons":[],"status":"passed","title":"manejar error si match_id es inválido"},{"ancestorTitles":["ListaJugadores"],"duration":75,"failureDetails":[{"name":"TestingLibraryElementError"}],"failureMessages":["TestingLibraryElementError: Unable to find an element with the text: Lista de Jugadores. This could be because the text is broken up by multiple elements. In this case, you can provide a function for your text matcher to make your matcher more flexible.\n\nIgnored nodes: comments, script, style\n\u001b[36m<body>\u001b[39m\n  \u001b[36m<div>\u001b[39m\n    \u001b[36m<div\u001b[39m\n      \u001b[33mclass\u001b[39m=\u001b[32m\"MuiBox-root css-11e765f\"\u001b[39m\n    \u001b[36m>\u001b[39m\n      \u001b[36m<ul\u001b[39m\n        \u001b[33mclass\u001b[39m=\u001b[32m\"MuiList-root MuiList-padding css-h4y409-MuiList-root\"\u001b[39m\n      \u001b[36m>\u001b[39m\n        \u001b[36m<li\u001b[39m\n          \u001b[33mclass\u001b[39m=\u001b[32m\"MuiListItem-root MuiListItem-gutters MuiListItem-padding css-1p823my-MuiListItem-root\"\u001b[39m\n        \u001b[36m>\u001b[39m\n          \u001b[36m<div\u001b[39m\n            \u001b[33mclass\u001b[39m=\u001b[32m\"MuiPaper-root MuiPaper-elevation MuiPaper-rounded MuiPaper-elevation3 css-qzu0nz-MuiPaper-root\"\u001b[39m\n          \u001b[36m>\u001b[39m\n            \u001b[36m<h6\u001b[39m\n              \u001b[33mclass\u001b[39m=\u001b[32m\"MuiTypography-root MuiTypography-h6 css-2ulfj5-MuiTypography-root\"\u001b[39m\n            \u001b[36m>\u001b[39m\n              \u001b[0mJugador1\u001b[0m\n            \u001b[36m</h6>\u001b[39m\n          \u001b[36m</div>\u001b[39m\n        \u001b[36m</li>\u001b[39m\n        \u001b[36m<li\u001b[39m\n          \u001b[33mclass\u001b[39m=\u001b[32m\"MuiListItem-root MuiListItem-gutters MuiListItem-padding css-1p823my-MuiListItem-root\"\u001b[39m\n        \u001b[36m>\u001b[39m\n          \u001b[36m<div\u001b[39m\n            \u001b[33mclass\u001b[39m=\u001b[32m\"MuiPaper-root MuiPaper-elevation MuiPaper-rounded MuiPaper-elevation3 css-qzu0nz-MuiPaper-root\"\u001b[39m\n          \u001b[36m>\u001b[39m\n            \u001b[36m<h6\u001b[39m\n              \u001b[33mclass\u001b[39m=\u001b[32m\"MuiTypography-root MuiTypography-h6 css-2ulfj5-MuiTypography-root\"\u001b[39m\n            \u001b[36m>\u001b[39m\n              \u001b[0mQue_feo_lobby\u001b[0m\n            \u001b[36m</h6>\u001b[39m\n          \u001b[36m</div>\u001b[39m\n        \u001b[36m</li>\u001b[39m\n        \u001b[36m<li\u001b[39m\n          \u001b[33mclass\u001b[39m=\u001b[32m\"MuiListItem-root MuiListItem-gutters MuiListItem-padding css-1p823my-MuiListItem-root\"\u001b[39m\n        \u001b[36m>\u001b[39m\n          \u001b[36m<div\u001b[39m\n            \u001b[33mclass\u001b[39m=\u001b[32m\"MuiPaper-root MuiPaper-elevation MuiPaper-rounded MuiPaper-elevation3 css-qzu0nz-MuiPaper-root\"\u001b[39m\n          \u001b[36m>\u001b[39m\n            \u001b[36m<h6\u001b[39m\n              \u001b[33mclass\u001b[39m=\u001b[32m\"MuiTypography-root MuiTypography-h6 css-2ulfj5-MuiTypography-root\"\u001b[39m\n            \u001b[36m>\u001b[39m\n              \u001b[0mHOLAA\u001b[0m\n            \u001b[36m</h6>\u001b[39m\n          \u001b[36m</div>\u001b[39m\n        \u001b[36m</li>\u001b[39m\n      \u001b[36m</ul>\u001b[39m\n    \u001b[36m</div>\u001b[39m\n  \u001b[36m</div>\u001b[39m\n\u001b[36m</body>\u001b[39m\n    at Object.getElementError (/home/benjamin/Documents/Ingeneria/frontend/la_cosa_app/node_modules/@testing-library/dom/dist/config.js:37:19)\n    at /home/benjamin/Documents/Ingeneria/frontend/la_cosa_app/node_modules/@testing-library/dom/dist/query-helpers.js:76:38\n    at /home/benjamin/Documents/Ingeneria/frontend/la_cosa_app/node_modules/@testing-library/dom/dist/query-helpers.js:52:17\n    at /home/benjamin/Documents/Ingeneria/frontend/la_cosa_app/node_modules/@testing-library/dom/dist/query-helpers.js:95:19\n    at Object.getByText (/home/benjamin/Documents/Ingeneria/frontend/la_cosa_app/public/tests/PlayersList.test.js:42:23)\n    at Promise.then.completed (/home/benjamin/Documents/Ingeneria/frontend/la_cosa_app/node_modules/jest-circus/build/utils.js:298:28)\n    at new Promise (<anonymous>)\n    at callAsyncCircusFn (/home/benjamin/Documents/Ingeneria/frontend/la_cosa_app/node_modules/jest-circus/build/utils.js:231:10)\n    at _callCircusTest (/home/benjamin/Documents/Ingeneria/frontend/la_cosa_app/node_modules/jest-circus/build/run.js:316:40)\n    at processTicksAndRejections (node:internal/process/task_queues:95:5)\n    at _runTest (/home/benjamin/Documents/Ingeneria/frontend/la_cosa_app/node_modules/jest-circus/build/run.js:252:3)\n    at _runTestsForDescribeBlock (/home/benjamin/Documents/Ingeneria/frontend/la_cosa_app/node_modules/jest-circus/build/run.js:126:9)\n    at _runTestsForDescribeBlock (/home/benjamin/Documents/Ingeneria/frontend/la_cosa_app/node_modules/jest-circus/build/run.js:121:9)\n    at run (/home/benjamin/Documents/Ingeneria/frontend/la_cosa_app/node_modules/jest-circus/build/run.js:71:3)\n    at runAndTransformResultsToJestFormat (/home/benjamin/Documents/Ingeneria/frontend/la_cosa_app/node_modules/jest-circus/build/legacy-code-todo-rewrite/jestAdapterInit.js:122:21)\n    at jestAdapter (/home/benjamin/Documents/Ingeneria/frontend/la_cosa_app/node_modules/jest-circus/build/legacy-code-todo-rewrite/jestAdapter.js:79:19)\n    at runTestInternal (/home/benjamin/Documents/Ingeneria/frontend/la_cosa_app/node_modules/jest-runner/build/runTest.js:367:16)\n    at runTest (/home/benjamin/Documents/Ingeneria/frontend/la_cosa_app/node_modules/jest-runner/build/runTest.js:444:34)\n    at Object.worker (/home/benjamin/Documents/Ingeneria/frontend/la_cosa_app/node_modules/jest-runner/build/testWorker.js:106:12)"],"fullName":"ListaJugadores Renderiza sin errores","invocations":1,"location":null,"numPassingAsserts":0,"retryReasons":[],"status":"failed","title":"Renderiza sin errores"},{"ancestorTitles":["ListaJugadores"],"duration":1,"failureDetails":[],"failureMessages":[],"fullName":"ListaJugadores props cuando no hay jugadores","invocations":1,"location":null,"numPassingAsserts":2,"retryReasons":[],"status":"passed","title":"props cuando no hay jugadores"},{"ancestorTitles":["ListaJugadores"],"duration":0,"failureDetails":[],"failureMessages":[],"fullName":"ListaJugadores props cuando se proporciona una lista de 12 jugadores","invocations":1,"location":null,"numPassingAsserts":2,"retryReasons":[],"status":"passed","title":"props cuando se proporciona una lista de 12 jugadores"},{"ancestorTitles":["ListaJugadores"],"duration":0,"failureDetails":[],"failureMessages":[],"fullName":"ListaJugadores props al manejar una lista vacía","invocations":1,"location":null,"numPassingAsserts":1,"retryReasons":[],"status":"passed","title":"props al manejar una lista vacía"}],"endTime":1699814982920,"message":"  ● ListaJugadores › Renderiza sin errores\n\n    TestingLibraryElementError: Unable to find an element with the text: Lista de Jugadores. This could be because the text is broken up by multiple elements. In this case, you can provide a function for your text matcher to make your matcher more flexible.\n\n    Ignored nodes: comments, script, style\n    \u001b[36m<body>\u001b[39m\n      \u001b[36m<div>\u001b[39m\n        \u001b[36m<div\u001b[39m\n          \u001b[33mclass\u001b[39m=\u001b[32m\"MuiBox-root css-11e765f\"\u001b[39m\n        \u001b[36m>\u001b[39m\n          \u001b[36m<ul\u001b[39m\n            \u001b[33mclass\u001b[39m=\u001b[32m\"MuiList-root MuiList-padding css-h4y409-MuiList-root\"\u001b[39m\n          \u001b[36m>\u001b[39m\n            \u001b[36m<li\u001b[39m\n              \u001b[33mclass\u001b[39m=\u001b[32m\"MuiListItem-root MuiListItem-gutters MuiListItem-padding css-1p823my-MuiListItem-root\"\u001b[39m\n            \u001b[36m>\u001b[39m\n              \u001b[36m<div\u001b[39m\n                \u001b[33mclass\u001b[39m=\u001b[32m\"MuiPaper-root MuiPaper-elevation MuiPaper-rounded MuiPaper-elevation3 css-qzu0nz-MuiPaper-root\"\u001b[39m\n              \u001b[36m>\u001b[39m\n                \u001b[36m<h6\u001b[39m\n                  \u001b[33mclass\u001b[39m=\u001b[32m\"MuiTypography-root MuiTypography-h6 css-2ulfj5-MuiTypography-root\"\u001b[39m\n                \u001b[36m>\u001b[39m\n                  \u001b[0mJugador1\u001b[0m\n                \u001b[36m</h6>\u001b[39m\n              \u001b[36m</div>\u001b[39m\n            \u001b[36m</li>\u001b[39m\n            \u001b[36m<li\u001b[39m\n              \u001b[33mclass\u001b[39m=\u001b[32m\"MuiListItem-root MuiListItem-gutters MuiListItem-padding css-1p823my-MuiListItem-root\"\u001b[39m\n            \u001b[36m>\u001b[39m\n              \u001b[36m<div\u001b[39m\n                \u001b[33mclass\u001b[39m=\u001b[32m\"MuiPaper-root MuiPaper-elevation MuiPaper-rounded MuiPaper-elevation3 css-qzu0nz-MuiPaper-root\"\u001b[39m\n              \u001b[36m>\u001b[39m\n                \u001b[36m<h6\u001b[39m\n                  \u001b[33mclass\u001b[39m=\u001b[32m\"MuiTypography-root MuiTypography-h6 css-2ulfj5-MuiTypography-root\"\u001b[39m\n                \u001b[36m>\u001b[39m\n                  \u001b[0mQue_feo_lobby\u001b[0m\n                \u001b[36m</h6>\u001b[39m\n              \u001b[36m</div>\u001b[39m\n            \u001b[36m</li>\u001b[39m\n            \u001b[36m<li\u001b[39m\n              \u001b[33mclass\u001b[39m=\u001b[32m\"MuiListItem-root MuiListItem-gutters MuiListItem-padding css-1p823my-MuiListItem-root\"\u001b[39m\n            \u001b[36m>\u001b[39m\n              \u001b[36m<div\u001b[39m\n                \u001b[33mclass\u001b[39m=\u001b[32m\"MuiPaper-root MuiPaper-elevation MuiPaper-rounded MuiPaper-elevation3 css-qzu0nz-MuiPaper-root\"\u001b[39m\n              \u001b[36m>\u001b[39m\n                \u001b[36m<h6\u001b[39m\n                  \u001b[33mclass\u001b[39m=\u001b[32m\"MuiTypography-root MuiTypography-h6 css-2ulfj5-MuiTypography-root\"\u001b[39m\n                \u001b[36m>\u001b[39m\n                  \u001b[0mHOLAA\u001b[0m\n                \u001b[36m</h6>\u001b[39m\n              \u001b[36m</div>\u001b[39m\n            \u001b[36m</li>\u001b[39m\n          \u001b[36m</ul>\u001b[39m\n        \u001b[36m</div>\u001b[39m\n      \u001b[36m</div>\u001b[39m\n    \u001b[36m</body>\u001b[39m\n\n      40 |         );\n      41 |\n    > 42 |         expect(screen.getByText('Lista de Jugadores')).toBeInTheDocument();\n         |                       ^\n      43 |         expect(screen.getByText('Jugador1')).toBeInTheDocument();\n      44 |         expect(screen.getByText('Que_feo_lobby')).toBeInTheDocument();\n      45 |         expect(screen.getByText('HOLAA')).toBeInTheDocument();\n\n      at Object.getElementError (node_modules/@testing-library/dom/dist/config.js:37:19)\n      at node_modules/@testing-library/dom/dist/query-helpers.js:76:38\n      at node_modules/@testing-library/dom/dist/query-helpers.js:52:17\n      at node_modules/@testing-library/dom/dist/query-helpers.js:95:19\n      at Object.getByText (public/tests/PlayersList.test.js:42:23)\n","name":"/home/benjamin/Documents/Ingeneria/frontend/la_cosa_app/public/tests/PlayersList.test.js","startTime":1699814980583,"status":"failed","summary":""},{"assertionResults":[{"ancestorTitles":["Lobby"],"duration":92,"failureDetails":[{}],"failureMessages":["TypeError: Cannot destructure property 'state' of '(0 , _matchContext.useMatchC)(...)' as it is undefined.\n    at state (/home/benjamin/Documents/Ingeneria/frontend/la_cosa_app/src/screens/Lobby/index.jsx:56:11)\n    at renderWithHooks (/home/benjamin/Documents/Ingeneria/frontend/la_cosa_app/node_modules/react-dom/cjs/react-dom.development.js:16305:18)\n    at mountIndeterminateComponent (/home/benjamin/Documents/Ingeneria/frontend/la_cosa_app/node_modules/react-dom/cjs/react-dom.development.js:20074:13)\n    at beginWork (/home/benjamin/Documents/Ingeneria/frontend/la_cosa_app/node_modules/react-dom/cjs/react-dom.development.js:21587:16)\n    at beginWork$1 (/home/benjamin/Documents/Ingeneria/frontend/la_cosa_app/node_modules/react-dom/cjs/react-dom.development.js:27426:14)\n    at performUnitOfWork (/home/benjamin/Documents/Ingeneria/frontend/la_cosa_app/node_modules/react-dom/cjs/react-dom.development.js:26560:12)\n    at workLoopSync (/home/benjamin/Documents/Ingeneria/frontend/la_cosa_app/node_modules/react-dom/cjs/react-dom.development.js:26466:5)\n    at renderRootSync (/home/benjamin/Documents/Ingeneria/frontend/la_cosa_app/node_modules/react-dom/cjs/react-dom.development.js:26434:7)\n    at recoverFromConcurrentError (/home/benjamin/Documents/Ingeneria/frontend/la_cosa_app/node_modules/react-dom/cjs/react-dom.development.js:25850:20)\n    at performConcurrentWorkOnRoot (/home/benjamin/Documents/Ingeneria/frontend/la_cosa_app/node_modules/react-dom/cjs/react-dom.development.js:25750:22)\n    at flushActQueue (/home/benjamin/Documents/Ingeneria/frontend/la_cosa_app/node_modules/react/cjs/react.development.js:2667:24)\n    at act (/home/benjamin/Documents/Ingeneria/frontend/la_cosa_app/node_modules/react/cjs/react.development.js:2582:11)\n    at /home/benjamin/Documents/Ingeneria/frontend/la_cosa_app/node_modules/@testing-library/react/dist/act-compat.js:46:25\n    at renderRoot (/home/benjamin/Documents/Ingeneria/frontend/la_cosa_app/node_modules/@testing-library/react/dist/pure.js:161:26)\n    at render (/home/benjamin/Documents/Ingeneria/frontend/la_cosa_app/node_modules/@testing-library/react/dist/pure.js:247:10)\n    at Object.<anonymous> (/home/benjamin/Documents/Ingeneria/frontend/la_cosa_app/public/tests/Lobby.test.js:12:15)\n    at Promise.then.completed (/home/benjamin/Documents/Ingeneria/frontend/la_cosa_app/node_modules/jest-circus/build/utils.js:298:28)\n    at new Promise (<anonymous>)\n    at callAsyncCircusFn (/home/benjamin/Documents/Ingeneria/frontend/la_cosa_app/node_modules/jest-circus/build/utils.js:231:10)\n    at _callCircusTest (/home/benjamin/Documents/Ingeneria/frontend/la_cosa_app/node_modules/jest-circus/build/run.js:316:40)\n    at processTicksAndRejections (node:internal/process/task_queues:95:5)\n    at _runTest (/home/benjamin/Documents/Ingeneria/frontend/la_cosa_app/node_modules/jest-circus/build/run.js:252:3)\n    at _runTestsForDescribeBlock (/home/benjamin/Documents/Ingeneria/frontend/la_cosa_app/node_modules/jest-circus/build/run.js:126:9)\n    at _runTestsForDescribeBlock (/home/benjamin/Documents/Ingeneria/frontend/la_cosa_app/node_modules/jest-circus/build/run.js:121:9)\n    at run (/home/benjamin/Documents/Ingeneria/frontend/la_cosa_app/node_modules/jest-circus/build/run.js:71:3)\n    at runAndTransformResultsToJestFormat (/home/benjamin/Documents/Ingeneria/frontend/la_cosa_app/node_modules/jest-circus/build/legacy-code-todo-rewrite/jestAdapterInit.js:122:21)\n    at jestAdapter (/home/benjamin/Documents/Ingeneria/frontend/la_cosa_app/node_modules/jest-circus/build/legacy-code-todo-rewrite/jestAdapter.js:79:19)\n    at runTestInternal (/home/benjamin/Documents/Ingeneria/frontend/la_cosa_app/node_modules/jest-runner/build/runTest.js:367:16)\n    at runTest (/home/benjamin/Documents/Ingeneria/frontend/la_cosa_app/node_modules/jest-runner/build/runTest.js:444:34)\n    at Object.worker (/home/benjamin/Documents/Ingeneria/frontend/la_cosa_app/node_modules/jest-runner/build/testWorker.js:106:12)"],"fullName":"Lobby Renderiza sin errores para jugador normal","invocations":1,"location":null,"numPassingAsserts":0,"retryReasons":[],"status":"failed","title":"Renderiza sin errores para jugador normal"},{"ancestorTitles":["Lobby"],"duration":9,"failureDetails":[{}],"failureMessages":["TypeError: Cannot destructure property 'state' of '(0 , _matchContext.useMatchC)(...)' as it is undefined.\n    at state (/home/benjamin/Documents/Ingeneria/frontend/la_cosa_app/src/screens/Lobby/index.jsx:56:11)\n    at renderWithHooks (/home/benjamin/Documents/Ingeneria/frontend/la_cosa_app/node_modules/react-dom/cjs/react-dom.development.js:16305:18)\n    at mountIndeterminateComponent (/home/benjamin/Documents/Ingeneria/frontend/la_cosa_app/node_modules/react-dom/cjs/react-dom.development.js:20074:13)\n    at beginWork (/home/benjamin/Documents/Ingeneria/frontend/la_cosa_app/node_modules/react-dom/cjs/react-dom.development.js:21587:16)\n    at beginWork$1 (/home/benjamin/Documents/Ingeneria/frontend/la_cosa_app/node_modules/react-dom/cjs/react-dom.development.js:27426:14)\n    at performUnitOfWork (/home/benjamin/Documents/Ingeneria/frontend/la_cosa_app/node_modules/react-dom/cjs/react-dom.development.js:26560:12)\n    at workLoopSync (/home/benjamin/Documents/Ingeneria/frontend/la_cosa_app/node_modules/react-dom/cjs/react-dom.development.js:26466:5)\n    at renderRootSync (/home/benjamin/Documents/Ingeneria/frontend/la_cosa_app/node_modules/react-dom/cjs/react-dom.development.js:26434:7)\n    at recoverFromConcurrentError (/home/benjamin/Documents/Ingeneria/frontend/la_cosa_app/node_modules/react-dom/cjs/react-dom.development.js:25850:20)\n    at performConcurrentWorkOnRoot (/home/benjamin/Documents/Ingeneria/frontend/la_cosa_app/node_modules/react-dom/cjs/react-dom.development.js:25750:22)\n    at flushActQueue (/home/benjamin/Documents/Ingeneria/frontend/la_cosa_app/node_modules/react/cjs/react.development.js:2667:24)\n    at act (/home/benjamin/Documents/Ingeneria/frontend/la_cosa_app/node_modules/react/cjs/react.development.js:2582:11)\n    at /home/benjamin/Documents/Ingeneria/frontend/la_cosa_app/node_modules/@testing-library/react/dist/act-compat.js:46:25\n    at renderRoot (/home/benjamin/Documents/Ingeneria/frontend/la_cosa_app/node_modules/@testing-library/react/dist/pure.js:161:26)\n    at render (/home/benjamin/Documents/Ingeneria/frontend/la_cosa_app/node_modules/@testing-library/react/dist/pure.js:247:10)\n    at Object.<anonymous> (/home/benjamin/Documents/Ingeneria/frontend/la_cosa_app/public/tests/Lobby.test.js:30:15)\n    at Promise.then.completed (/home/benjamin/Documents/Ingeneria/frontend/la_cosa_app/node_modules/jest-circus/build/utils.js:298:28)\n    at new Promise (<anonymous>)\n    at callAsyncCircusFn (/home/benjamin/Documents/Ingeneria/frontend/la_cosa_app/node_modules/jest-circus/build/utils.js:231:10)\n    at _callCircusTest (/home/benjamin/Documents/Ingeneria/frontend/la_cosa_app/node_modules/jest-circus/build/run.js:316:40)\n    at processTicksAndRejections (node:internal/process/task_queues:95:5)\n    at _runTest (/home/benjamin/Documents/Ingeneria/frontend/la_cosa_app/node_modules/jest-circus/build/run.js:252:3)\n    at _runTestsForDescribeBlock (/home/benjamin/Documents/Ingeneria/frontend/la_cosa_app/node_modules/jest-circus/build/run.js:126:9)\n    at _runTestsForDescribeBlock (/home/benjamin/Documents/Ingeneria/frontend/la_cosa_app/node_modules/jest-circus/build/run.js:121:9)\n    at run (/home/benjamin/Documents/Ingeneria/frontend/la_cosa_app/node_modules/jest-circus/build/run.js:71:3)\n    at runAndTransformResultsToJestFormat (/home/benjamin/Documents/Ingeneria/frontend/la_cosa_app/node_modules/jest-circus/build/legacy-code-todo-rewrite/jestAdapterInit.js:122:21)\n    at jestAdapter (/home/benjamin/Documents/Ingeneria/frontend/la_cosa_app/node_modules/jest-circus/build/legacy-code-todo-rewrite/jestAdapter.js:79:19)\n    at runTestInternal (/home/benjamin/Documents/Ingeneria/frontend/la_cosa_app/node_modules/jest-runner/build/runTest.js:367:16)\n    at runTest (/home/benjamin/Documents/Ingeneria/frontend/la_cosa_app/node_modules/jest-runner/build/runTest.js:444:34)\n    at Object.worker (/home/benjamin/Documents/Ingeneria/frontend/la_cosa_app/node_modules/jest-runner/build/testWorker.js:106:12)"],"fullName":"Lobby Renderiza sin errores para el host","invocations":1,"location":null,"numPassingAsserts":0,"retryReasons":[],"status":"failed","title":"Renderiza sin errores para el host"}],"endTime":1699814983559,"message":"  ● Lobby › Renderiza sin errores para jugador normal\n\n    TypeError: Cannot destructure property 'state' of '(0 , _matchContext.useMatchC)(...)' as it is undefined.\n\n      54 |\n      55 | const Lobby = () => {\n    > 56 |   const { state, actions } = useMatchC();\n         |           ^\n      57 |   const navigate = useNavigate();\n      58 |   const [jugadores, setJugadores] = useState([]);\n      59 |   const [isHost, setIsHost] = useState(false);\n\n      at state (src/screens/Lobby/index.jsx:56:11)\n      at renderWithHooks (node_modules/react-dom/cjs/react-dom.development.js:16305:18)\n      at mountIndeterminateComponent (node_modules/react-dom/cjs/react-dom.development.js:20074:13)\n      at beginWork (node_modules/react-dom/cjs/react-dom.development.js:21587:16)\n      at beginWork$1 (node_modules/react-dom/cjs/react-dom.development.js:27426:14)\n      at performUnitOfWork (node_modules/react-dom/cjs/react-dom.development.js:26560:12)\n      at workLoopSync (node_modules/react-dom/cjs/react-dom.development.js:26466:5)\n      at renderRootSync (node_modules/react-dom/cjs/react-dom.development.js:26434:7)\n      at recoverFromConcurrentError (node_modules/react-dom/cjs/react-dom.development.js:25850:20)\n      at performConcurrentWorkOnRoot (node_modules/react-dom/cjs/react-dom.development.js:25750:22)\n      at flushActQueue (node_modules/react/cjs/react.development.js:2667:24)\n      at act (node_modules/react/cjs/react.development.js:2582:11)\n      at node_modules/@testing-library/react/dist/act-compat.js:46:25\n      at renderRoot (node_modules/@testing-library/react/dist/pure.js:161:26)\n      at render (node_modules/@testing-library/react/dist/pure.js:247:10)\n      at Object.<anonymous> (public/tests/Lobby.test.js:12:15)\n\n  ● Lobby › Renderiza sin errores para el host\n\n    TypeError: Cannot destructure property 'state' of '(0 , _matchContext.useMatchC)(...)' as it is undefined.\n\n      54 |\n      55 | const Lobby = () => {\n    > 56 |   const { state, actions } = useMatchC();\n         |           ^\n      57 |   const navigate = useNavigate();\n      58 |   const [jugadores, setJugadores] = useState([]);\n      59 |   const [isHost, setIsHost] = useState(false);\n\n      at state (src/screens/Lobby/index.jsx:56:11)\n      at renderWithHooks (node_modules/react-dom/cjs/react-dom.development.js:16305:18)\n      at mountIndeterminateComponent (node_modules/react-dom/cjs/react-dom.development.js:20074:13)\n      at beginWork (node_modules/react-dom/cjs/react-dom.development.js:21587:16)\n      at beginWork$1 (node_modules/react-dom/cjs/react-dom.development.js:27426:14)\n      at performUnitOfWork (node_modules/react-dom/cjs/react-dom.development.js:26560:12)\n      at workLoopSync (node_modules/react-dom/cjs/react-dom.development.js:26466:5)\n      at renderRootSync (node_modules/react-dom/cjs/react-dom.development.js:26434:7)\n      at recoverFromConcurrentError (node_modules/react-dom/cjs/react-dom.development.js:25850:20)\n      at performConcurrentWorkOnRoot (node_modules/react-dom/cjs/react-dom.development.js:25750:22)\n      at flushActQueue (node_modules/react/cjs/react.development.js:2667:24)\n      at act (node_modules/react/cjs/react.development.js:2582:11)\n      at node_modules/@testing-library/react/dist/act-compat.js:46:25\n      at renderRoot (node_modules/@testing-library/react/dist/pure.js:161:26)\n      at render (node_modules/@testing-library/react/dist/pure.js:247:10)\n      at Object.<anonymous> (public/tests/Lobby.test.js:30:15)\n","name":"/home/benjamin/Documents/Ingeneria/frontend/la_cosa_app/public/tests/Lobby.test.js","startTime":1699814980591,"status":"failed","summary":""},{"assertionResults":[{"ancestorTitles":["Notifications"],"duration":82,"failureDetails":[{}],"failureMessages":["TypeError: Cannot read properties of undefined (reading 'WAIT_EXCHANGE')\n    at WAIT_EXCHANGE (/home/benjamin/Documents/Ingeneria/frontend/la_cosa_app/src/components/Notifications/index.jsx:251:46)\n    at renderWithHooks (/home/benjamin/Documents/Ingeneria/frontend/la_cosa_app/node_modules/react-dom/cjs/react-dom.development.js:16305:18)\n    at mountIndeterminateComponent (/home/benjamin/Documents/Ingeneria/frontend/la_cosa_app/node_modules/react-dom/cjs/react-dom.development.js:20074:13)\n    at beginWork (/home/benjamin/Documents/Ingeneria/frontend/la_cosa_app/node_modules/react-dom/cjs/react-dom.development.js:21587:16)\n    at beginWork$1 (/home/benjamin/Documents/Ingeneria/frontend/la_cosa_app/node_modules/react-dom/cjs/react-dom.development.js:27426:14)\n    at performUnitOfWork (/home/benjamin/Documents/Ingeneria/frontend/la_cosa_app/node_modules/react-dom/cjs/react-dom.development.js:26560:12)\n    at workLoopSync (/home/benjamin/Documents/Ingeneria/frontend/la_cosa_app/node_modules/react-dom/cjs/react-dom.development.js:26466:5)\n    at renderRootSync (/home/benjamin/Documents/Ingeneria/frontend/la_cosa_app/node_modules/react-dom/cjs/react-dom.development.js:26434:7)\n    at recoverFromConcurrentError (/home/benjamin/Documents/Ingeneria/frontend/la_cosa_app/node_modules/react-dom/cjs/react-dom.development.js:25850:20)\n    at performConcurrentWorkOnRoot (/home/benjamin/Documents/Ingeneria/frontend/la_cosa_app/node_modules/react-dom/cjs/react-dom.development.js:25750:22)\n    at flushActQueue (/home/benjamin/Documents/Ingeneria/frontend/la_cosa_app/node_modules/react/cjs/react.development.js:2667:24)\n    at act (/home/benjamin/Documents/Ingeneria/frontend/la_cosa_app/node_modules/react/cjs/react.development.js:2582:11)\n    at /home/benjamin/Documents/Ingeneria/frontend/la_cosa_app/node_modules/@testing-library/react/dist/act-compat.js:46:25\n    at renderRoot (/home/benjamin/Documents/Ingeneria/frontend/la_cosa_app/node_modules/@testing-library/react/dist/pure.js:161:26)\n    at render (/home/benjamin/Documents/Ingeneria/frontend/la_cosa_app/node_modules/@testing-library/react/dist/pure.js:247:10)\n    at Object.<anonymous> (/home/benjamin/Documents/Ingeneria/frontend/la_cosa_app/public/tests/Notifications.test.js:25:37)\n    at Promise.then.completed (/home/benjamin/Documents/Ingeneria/frontend/la_cosa_app/node_modules/jest-circus/build/utils.js:298:28)\n    at new Promise (<anonymous>)\n    at callAsyncCircusFn (/home/benjamin/Documents/Ingeneria/frontend/la_cosa_app/node_modules/jest-circus/build/utils.js:231:10)\n    at _callCircusTest (/home/benjamin/Documents/Ingeneria/frontend/la_cosa_app/node_modules/jest-circus/build/run.js:316:40)\n    at processTicksAndRejections (node:internal/process/task_queues:95:5)\n    at _runTest (/home/benjamin/Documents/Ingeneria/frontend/la_cosa_app/node_modules/jest-circus/build/run.js:252:3)\n    at _runTestsForDescribeBlock (/home/benjamin/Documents/Ingeneria/frontend/la_cosa_app/node_modules/jest-circus/build/run.js:126:9)\n    at _runTestsForDescribeBlock (/home/benjamin/Documents/Ingeneria/frontend/la_cosa_app/node_modules/jest-circus/build/run.js:121:9)\n    at run (/home/benjamin/Documents/Ingeneria/frontend/la_cosa_app/node_modules/jest-circus/build/run.js:71:3)\n    at runAndTransformResultsToJestFormat (/home/benjamin/Documents/Ingeneria/frontend/la_cosa_app/node_modules/jest-circus/build/legacy-code-todo-rewrite/jestAdapterInit.js:122:21)\n    at jestAdapter (/home/benjamin/Documents/Ingeneria/frontend/la_cosa_app/node_modules/jest-circus/build/legacy-code-todo-rewrite/jestAdapter.js:79:19)\n    at runTestInternal (/home/benjamin/Documents/Ingeneria/frontend/la_cosa_app/node_modules/jest-runner/build/runTest.js:367:16)\n    at runTest (/home/benjamin/Documents/Ingeneria/frontend/la_cosa_app/node_modules/jest-runner/build/runTest.js:444:34)\n    at Object.worker (/home/benjamin/Documents/Ingeneria/frontend/la_cosa_app/node_modules/jest-runner/build/testWorker.js:106:12)"],"fullName":"Notifications Renderiza bien mensajes de turno y jugada","invocations":1,"location":null,"numPassingAsserts":0,"retryReasons":[],"status":"failed","title":"Renderiza bien mensajes de turno y jugada"},{"ancestorTitles":["Notifications"],"duration":8,"failureDetails":[{}],"failureMessages":["TypeError: Cannot read properties of undefined (reading 'WAIT_EXCHANGE')\n    at WAIT_EXCHANGE (/home/benjamin/Documents/Ingeneria/frontend/la_cosa_app/src/components/Notifications/index.jsx:251:46)\n    at renderWithHooks (/home/benjamin/Documents/Ingeneria/frontend/la_cosa_app/node_modules/react-dom/cjs/react-dom.development.js:16305:18)\n    at mountIndeterminateComponent (/home/benjamin/Documents/Ingeneria/frontend/la_cosa_app/node_modules/react-dom/cjs/react-dom.development.js:20074:13)\n    at beginWork (/home/benjamin/Documents/Ingeneria/frontend/la_cosa_app/node_modules/react-dom/cjs/react-dom.development.js:21587:16)\n    at beginWork$1 (/home/benjamin/Documents/Ingeneria/frontend/la_cosa_app/node_modules/react-dom/cjs/react-dom.development.js:27426:14)\n    at performUnitOfWork (/home/benjamin/Documents/Ingeneria/frontend/la_cosa_app/node_modules/react-dom/cjs/react-dom.development.js:26560:12)\n    at workLoopSync (/home/benjamin/Documents/Ingeneria/frontend/la_cosa_app/node_modules/react-dom/cjs/react-dom.development.js:26466:5)\n    at renderRootSync (/home/benjamin/Documents/Ingeneria/frontend/la_cosa_app/node_modules/react-dom/cjs/react-dom.development.js:26434:7)\n    at recoverFromConcurrentError (/home/benjamin/Documents/Ingeneria/frontend/la_cosa_app/node_modules/react-dom/cjs/react-dom.development.js:25850:20)\n    at performConcurrentWorkOnRoot (/home/benjamin/Documents/Ingeneria/frontend/la_cosa_app/node_modules/react-dom/cjs/react-dom.development.js:25750:22)\n    at flushActQueue (/home/benjamin/Documents/Ingeneria/frontend/la_cosa_app/node_modules/react/cjs/react.development.js:2667:24)\n    at act (/home/benjamin/Documents/Ingeneria/frontend/la_cosa_app/node_modules/react/cjs/react.development.js:2582:11)\n    at /home/benjamin/Documents/Ingeneria/frontend/la_cosa_app/node_modules/@testing-library/react/dist/act-compat.js:46:25\n    at renderRoot (/home/benjamin/Documents/Ingeneria/frontend/la_cosa_app/node_modules/@testing-library/react/dist/pure.js:161:26)\n    at render (/home/benjamin/Documents/Ingeneria/frontend/la_cosa_app/node_modules/@testing-library/react/dist/pure.js:247:10)\n    at Object.<anonymous> (/home/benjamin/Documents/Ingeneria/frontend/la_cosa_app/public/tests/Notifications.test.js:37:37)\n    at Promise.then.completed (/home/benjamin/Documents/Ingeneria/frontend/la_cosa_app/node_modules/jest-circus/build/utils.js:298:28)\n    at new Promise (<anonymous>)\n    at callAsyncCircusFn (/home/benjamin/Documents/Ingeneria/frontend/la_cosa_app/node_modules/jest-circus/build/utils.js:231:10)\n    at _callCircusTest (/home/benjamin/Documents/Ingeneria/frontend/la_cosa_app/node_modules/jest-circus/build/run.js:316:40)\n    at processTicksAndRejections (node:internal/process/task_queues:95:5)\n    at _runTest (/home/benjamin/Documents/Ingeneria/frontend/la_cosa_app/node_modules/jest-circus/build/run.js:252:3)\n    at _runTestsForDescribeBlock (/home/benjamin/Documents/Ingeneria/frontend/la_cosa_app/node_modules/jest-circus/build/run.js:126:9)\n    at _runTestsForDescribeBlock (/home/benjamin/Documents/Ingeneria/frontend/la_cosa_app/node_modules/jest-circus/build/run.js:121:9)\n    at run (/home/benjamin/Documents/Ingeneria/frontend/la_cosa_app/node_modules/jest-circus/build/run.js:71:3)\n    at runAndTransformResultsToJestFormat (/home/benjamin/Documents/Ingeneria/frontend/la_cosa_app/node_modules/jest-circus/build/legacy-code-todo-rewrite/jestAdapterInit.js:122:21)\n    at jestAdapter (/home/benjamin/Documents/Ingeneria/frontend/la_cosa_app/node_modules/jest-circus/build/legacy-code-todo-rewrite/jestAdapter.js:79:19)\n    at runTestInternal (/home/benjamin/Documents/Ingeneria/frontend/la_cosa_app/node_modules/jest-runner/build/runTest.js:367:16)\n    at runTest (/home/benjamin/Documents/Ingeneria/frontend/la_cosa_app/node_modules/jest-runner/build/runTest.js:444:34)\n    at Object.worker (/home/benjamin/Documents/Ingeneria/frontend/la_cosa_app/node_modules/jest-runner/build/testWorker.js:106:12)"],"fullName":"Notifications Renderiza bien mensajes de infeccion","invocations":1,"location":null,"numPassingAsserts":0,"retryReasons":[],"status":"failed","title":"Renderiza bien mensajes de infeccion"}],"endTime":1699814984894,"message":"  ● Notifications › Renderiza bien mensajes de turno y jugada\n\n    TypeError: Cannot read properties of undefined (reading 'WAIT_EXCHANGE')\n\n      249 |             style={{ color: \"#3968B1\", marginTop: \"12px\" }}\n      250 |           >\n    > 251 |             {(state.turnState === turnStates.WAIT_EXCHANGE ||\n          |                                              ^\n      252 |               state.turnState === turnStates.WAIT_DEFENSE ||\n      253 |               state.turnState === turnStates.VUELTA_Y_VUELTA ||\n      254 |               state.turnState === turnStates.REVELACIONES) &&\n\n      at WAIT_EXCHANGE (src/components/Notifications/index.jsx:251:46)\n      at renderWithHooks (node_modules/react-dom/cjs/react-dom.development.js:16305:18)\n      at mountIndeterminateComponent (node_modules/react-dom/cjs/react-dom.development.js:20074:13)\n      at beginWork (node_modules/react-dom/cjs/react-dom.development.js:21587:16)\n      at beginWork$1 (node_modules/react-dom/cjs/react-dom.development.js:27426:14)\n      at performUnitOfWork (node_modules/react-dom/cjs/react-dom.development.js:26560:12)\n      at workLoopSync (node_modules/react-dom/cjs/react-dom.development.js:26466:5)\n      at renderRootSync (node_modules/react-dom/cjs/react-dom.development.js:26434:7)\n      at recoverFromConcurrentError (node_modules/react-dom/cjs/react-dom.development.js:25850:20)\n      at performConcurrentWorkOnRoot (node_modules/react-dom/cjs/react-dom.development.js:25750:22)\n      at flushActQueue (node_modules/react/cjs/react.development.js:2667:24)\n      at act (node_modules/react/cjs/react.development.js:2582:11)\n      at node_modules/@testing-library/react/dist/act-compat.js:46:25\n      at renderRoot (node_modules/@testing-library/react/dist/pure.js:161:26)\n      at render (node_modules/@testing-library/react/dist/pure.js:247:10)\n      at Object.<anonymous> (public/tests/Notifications.test.js:25:37)\n\n  ● Notifications › Renderiza bien mensajes de infeccion\n\n    TypeError: Cannot read properties of undefined (reading 'WAIT_EXCHANGE')\n\n      249 |             style={{ color: \"#3968B1\", marginTop: \"12px\" }}\n      250 |           >\n    > 251 |             {(state.turnState === turnStates.WAIT_EXCHANGE ||\n          |                                              ^\n      252 |               state.turnState === turnStates.WAIT_DEFENSE ||\n      253 |               state.turnState === turnStates.VUELTA_Y_VUELTA ||\n      254 |               state.turnState === turnStates.REVELACIONES) &&\n\n      at WAIT_EXCHANGE (src/components/Notifications/index.jsx:251:46)\n      at renderWithHooks (node_modules/react-dom/cjs/react-dom.development.js:16305:18)\n      at mountIndeterminateComponent (node_modules/react-dom/cjs/react-dom.development.js:20074:13)\n      at beginWork (node_modules/react-dom/cjs/react-dom.development.js:21587:16)\n      at beginWork$1 (node_modules/react-dom/cjs/react-dom.development.js:27426:14)\n      at performUnitOfWork (node_modules/react-dom/cjs/react-dom.development.js:26560:12)\n      at workLoopSync (node_modules/react-dom/cjs/react-dom.development.js:26466:5)\n      at renderRootSync (node_modules/react-dom/cjs/react-dom.development.js:26434:7)\n      at recoverFromConcurrentError (node_modules/react-dom/cjs/react-dom.development.js:25850:20)\n      at performConcurrentWorkOnRoot (node_modules/react-dom/cjs/react-dom.development.js:25750:22)\n      at flushActQueue (node_modules/react/cjs/react.development.js:2667:24)\n      at act (node_modules/react/cjs/react.development.js:2582:11)\n      at node_modules/@testing-library/react/dist/act-compat.js:46:25\n      at renderRoot (node_modules/@testing-library/react/dist/pure.js:161:26)\n      at render (node_modules/@testing-library/react/dist/pure.js:247:10)\n      at Object.<anonymous> (public/tests/Notifications.test.js:37:37)\n","name":"/home/benjamin/Documents/Ingeneria/frontend/la_cosa_app/public/tests/Notifications.test.js","startTime":1699814980651,"status":"failed","summary":""},{"assertionResults":[{"ancestorTitles":["PlayersHand"],"duration":80,"failureDetails":[],"failureMessages":[],"fullName":"PlayersHand renderiza las cartas de la mano correctamente","invocations":1,"location":null,"numPassingAsserts":4,"retryReasons":[],"status":"passed","title":"renderiza las cartas de la mano correctamente"},{"ancestorTitles":["PlayersHand"],"duration":39,"failureDetails":[],"failureMessages":[],"fullName":"PlayersHand selecciona una carta correctamente","invocations":1,"location":null,"numPassingAsserts":3,"retryReasons":[],"status":"passed","title":"selecciona una carta correctamente"},{"ancestorTitles":["PlayersHand"],"duration":61,"failureDetails":[{"matcherResult":{"pass":false,"message":"expect(element).toHaveStyle()\n\n- Expected\n\n- transform: translateY(-1cm);"}}],"failureMessages":["Error: expect(element).toHaveStyle()\n\n- Expected\n\n- transform: translateY(-1cm);\n    at Object.toHaveStyle (/home/benjamin/Documents/Ingeneria/frontend/la_cosa_app/public/tests/PlayersHand.test.js:82:38)\n    at Promise.then.completed (/home/benjamin/Documents/Ingeneria/frontend/la_cosa_app/node_modules/jest-circus/build/utils.js:298:28)\n    at new Promise (<anonymous>)\n    at callAsyncCircusFn (/home/benjamin/Documents/Ingeneria/frontend/la_cosa_app/node_modules/jest-circus/build/utils.js:231:10)\n    at _callCircusTest (/home/benjamin/Documents/Ingeneria/frontend/la_cosa_app/node_modules/jest-circus/build/run.js:316:40)\n    at processTicksAndRejections (node:internal/process/task_queues:95:5)\n    at _runTest (/home/benjamin/Documents/Ingeneria/frontend/la_cosa_app/node_modules/jest-circus/build/run.js:252:3)\n    at _runTestsForDescribeBlock (/home/benjamin/Documents/Ingeneria/frontend/la_cosa_app/node_modules/jest-circus/build/run.js:126:9)\n    at _runTestsForDescribeBlock (/home/benjamin/Documents/Ingeneria/frontend/la_cosa_app/node_modules/jest-circus/build/run.js:121:9)\n    at run (/home/benjamin/Documents/Ingeneria/frontend/la_cosa_app/node_modules/jest-circus/build/run.js:71:3)\n    at runAndTransformResultsToJestFormat (/home/benjamin/Documents/Ingeneria/frontend/la_cosa_app/node_modules/jest-circus/build/legacy-code-todo-rewrite/jestAdapterInit.js:122:21)\n    at jestAdapter (/home/benjamin/Documents/Ingeneria/frontend/la_cosa_app/node_modules/jest-circus/build/legacy-code-todo-rewrite/jestAdapter.js:79:19)\n    at runTestInternal (/home/benjamin/Documents/Ingeneria/frontend/la_cosa_app/node_modules/jest-runner/build/runTest.js:367:16)\n    at runTest (/home/benjamin/Documents/Ingeneria/frontend/la_cosa_app/node_modules/jest-runner/build/runTest.js:444:34)\n    at Object.worker (/home/benjamin/Documents/Ingeneria/frontend/la_cosa_app/node_modules/jest-runner/build/testWorker.js:106:12)"],"fullName":"PlayersHand la carta se levanta correctamente","invocations":1,"location":null,"numPassingAsserts":0,"retryReasons":[],"status":"failed","title":"la carta se levanta correctamente"}],"endTime":1699814984915,"message":"  ● PlayersHand › la carta se levanta correctamente\n\n    expect(element).toHaveStyle()\n\n    - Expected\n\n    - transform: translateY(-1cm);\n\n      80 |\n      81 |         fireEvent.mouseEnter(carta1);\n    > 82 |         expect(carta1.parentElement).toHaveStyle('transform: translateY(-1cm)');\n         |                                      ^\n      83 |         fireEvent.mouseLeave(carta1);\n      84 |         expect(carta1.parentElement).not.toHaveStyle('transform: translateY(-1cm)');\n      85 |         fireEvent.click(carta1);\n\n      at Object.toHaveStyle (public/tests/PlayersHand.test.js:82:38)\n","name":"/home/benjamin/Documents/Ingeneria/frontend/la_cosa_app/public/tests/PlayersHand.test.js","startTime":1699814980615,"status":"failed","summary":""},{"assertionResults":[{"ancestorTitles":["ShowHandBanner"],"duration":95,"failureDetails":[{"name":"TestingLibraryElementError"}],"failureMessages":["TestingLibraryElementError: Unable to find an element with the alt text: Carta La Cosa\n\nIgnored nodes: comments, script, style\n\u001b[36m<body>\u001b[39m\n  \u001b[36m<div>\u001b[39m\n    \u001b[36m<div>\u001b[39m\n      \u001b[36m<div\u001b[39m\n        \u001b[33mstyle\u001b[39m=\u001b[32m\"position: fixed; top: 0px; left: 0px; width: 100%; height: 100%; background-color: rgba(0, 0, 0, 0.6); z-index: 999;\"\u001b[39m\n      \u001b[36m>\u001b[39m\n        \u001b[36m<div\u001b[39m\n          \u001b[33mclass\u001b[39m=\u001b[32m\"MuiPaper-root MuiPaper-elevation MuiPaper-rounded MuiPaper-elevation1 css-1ps6pg7-MuiPaper-root\"\u001b[39m\n          \u001b[33mstyle\u001b[39m=\u001b[32m\"position: absolute; top: 36%; left: 50%; transform: translate(-50%, -50%); padding: 20px; background-color: white; border-radius: 8px; box-shadow: 0 0 10px rgba(0, 0, 0, 0.5); flex-direction: column; min-width: 60%; min-height: 60%; width: 60%;\"\u001b[39m\n        \u001b[36m>\u001b[39m\n          \u001b[36m<div\u001b[39m\n            \u001b[33mclass\u001b[39m=\u001b[32m\"MuiTypography-root MuiTypography-h5 css-ag7rrr-MuiTypography-root\"\u001b[39m\n            \u001b[33mstyle\u001b[39m=\u001b[32m\"border-bottom: 2px solid black;\"\u001b[39m\n          \u001b[36m>\u001b[39m\n            \u001b[0mEfecto \u001b[0m\n            \u001b[0mWhisky\u001b[0m\n          \u001b[36m</div>\u001b[39m\n          \u001b[36m<div\u001b[39m\n            \u001b[33mclass\u001b[39m=\u001b[32m\"MuiTypography-root MuiTypography-h6 css-1q6hquh-MuiTypography-root\"\u001b[39m\n          \u001b[36m>\u001b[39m\n            \u001b[0mEsta es la mano de Ramon\u001b[0m\n          \u001b[36m</div>\u001b[39m\n          \u001b[36m<button\u001b[39m\n            \u001b[33mclass\u001b[39m=\u001b[32m\"MuiButtonBase-root MuiIconButton-root MuiIconButton-sizeMedium css-1g6gnoc-MuiButtonBase-root-MuiIconButton-root\"\u001b[39m\n            \u001b[33mtabindex\u001b[39m=\u001b[32m\"0\"\u001b[39m\n            \u001b[33mtype\u001b[39m=\u001b[32m\"button\"\u001b[39m\n            \u001b[33mvariant\u001b[39m=\u001b[32m\"sharp\"\u001b[39m\n          \u001b[36m>\u001b[39m\n            \u001b[36m<svg\u001b[39m\n              \u001b[33maria-hidden\u001b[39m=\u001b[32m\"true\"\u001b[39m\n              \u001b[33mclass\u001b[39m=\u001b[32m\"MuiSvgIcon-root MuiSvgIcon-fontSizeMedium css-i4bv87-MuiSvgIcon-root\"\u001b[39m\n              \u001b[33mdata-testid\u001b[39m=\u001b[32m\"CloseIcon\"\u001b[39m\n              \u001b[33mfocusable\u001b[39m=\u001b[32m\"false\"\u001b[39m\n              \u001b[33mviewBox\u001b[39m=\u001b[32m\"0 0 24 24\"\u001b[39m\n            \u001b[36m>\u001b[39m\n              \u001b[36m<path\u001b[39m\n                \u001b[33md\u001b[39m=\u001b[32m\"M19 6.41 17.59 5 12 10.59 6.41 5 5 6.41 10.59 12 5 17.59 6.41 19 12 13.41 17.59 19 19 17.59 13.41 12z\"\u001b[39m\n              \u001b[36m/>\u001b[39m\n            \u001b[36m</svg>\u001b[39m\n            \u001b[36m<span\u001b[39m\n              \u001b[33mclass\u001b[39m=\u001b[32m\"MuiTouchRipple-root css-8je8zh-MuiTouchRipple-root\"\u001b[39m\n            \u001b[36m/>\u001b[39m\n          \u001b[36m</button>\u001b[39m\n          \u001b[36m<div\u001b[39m\n            \u001b[33mclass\u001b[39m=\u001b[32m\"MuiStack-root css-1jrbklc-MuiStack-root\"\u001b[39m\n          \u001b[36m>\u001b[39m\n            \u001b[36m<div>\u001b[39m\n              \u001b[36m<img\u001b[39m\n                \u001b[33malt\u001b[39m=\u001b[32m\"La Cosa\"\u001b[39m\n                \u001b[33msrc\u001b[39m=\u001b[32m\"\"\u001b[39m\n                \u001b[33mstyle\u001b[39m=\u001b[32m\"max-width: 100%; max-height: 100%;\"\u001b[39m\n              \u001b[36m/>\u001b[39m\n            \u001b[36m</div>\u001b[39m\n            \u001b[36m<div>\u001b[39m\n              \u001b[36m<img\u001b[39m\n                \u001b[33malt\u001b[39m=\u001b[32m\"Sospecha\"\u001b[39m\n                \u001b[33msrc\u001b[39m=\u001b[32m\"\"\u001b[39m\n                \u001b[33mstyle\u001b[39m=\u001b[32m\"max-width: 100%; max-height: 100%;\"\u001b[39m\n              \u001b[36m/>\u001b[39m\n            \u001b[36m</div>\u001b[39m\n            \u001b[36m<div>\u001b[39m\n              \u001b[36m<img\u001b[39m\n                \u001b[33malt\u001b[39m=\u001b[32m\"Lanzallamas\"\u001b[39m\n                \u001b[33msrc\u001b[39m=\u001b[32m\"\"\u001b[39m\n                \u001b[33mstyle\u001b[39m=\u001b[32m\"max-width: 100%; max-height: 100%;\"\u001b[39m\n              \u001b[36m/>\u001b[39m\n            \u001b[36m</div>\u001b[39m\n            \u001b[36m<div>\u001b[39m\n              \u001b[36m<img\u001b[39m\n                \u001b[33malt\u001b[39m=\u001b[32m\"Hacha\"\u001b[39m\n                \u001b[33msrc\u001b[39m=\u001b[32m\"\"\u001b[39m\n                \u001b[33mstyle\u001b[39m=\u001b[32m\"max-width: 100%; max-height: 100%;\"\u001b[39m\n              \u001b[36m/>\u001b[39m\n            \u001b[36m</div>\u001b[39m\n          \u001b[36m</div>\u001b[39m\n          \u001b[36m<div\u001b[39m\n            \u001b[33mclass\u001b[39m=\u001b[32m\"MuiBox-root css-1q7njkh\"\u001b[39m\n          \u001b[36m>\u001b[39m\n            \u001b[36m<span\u001b[39m\n              \u001b[33maria-valuemax\u001b[39m=\u001b[32m\"100\"\u001b[39m\n              \u001b[33maria-valuemin\u001b[39m=\u001b[32m\"0\"\u001b[39m\n              \u001b[33maria-valuenow\u001b[39m=\u001b[32m\"100\"\u001b[39m\n              \u001b[33mclass\u001b[39m=\u001b[32m\"MuiLinearProgress-root MuiLinearProgress-colorPrimary MuiLinearProgress-determinate css-8xortt-MuiLinearProgress-root\"\u001b[39m\n              \u001b[33mrole\u001b[39m=\u001b[32m\"progressbar\"\u001b[39m\n            \u001b[36m>\u001b[39m\n              \u001b[36m<span\u001b[39m\n                \u001b[33mclass\u001b[39m=\u001b[32m\"MuiLinearProgress-bar MuiLinearProgress-barColorPrimary MuiLinearProgress-bar1Determinate css-5xe99f-MuiLinearProgress-bar1\"\u001b[39m\n                \u001b[33mstyle\u001b[39m=\u001b[32m\"transform: translateX(0%);\"\u001b[39m\n              \u001b[36m/>\u001b[39m\n            \u001b[36m</span>\u001b[39m\n          \u001b[36m</div>\u001b[39m\n        \u001b[36m</div>\u001b[39m\n      \u001b[36m</div>\u001b[39m\n    \u001b[36m</div>\u001b[39m\n  \u001b[36m</div>\u001b[39m\n\u001b[36m</body>\u001b[39m\n    at Object.getElementError (/home/benjamin/Documents/Ingeneria/frontend/la_cosa_app/node_modules/@testing-library/dom/dist/config.js:37:19)\n    at /home/benjamin/Documents/Ingeneria/frontend/la_cosa_app/node_modules/@testing-library/dom/dist/query-helpers.js:76:38\n    at /home/benjamin/Documents/Ingeneria/frontend/la_cosa_app/node_modules/@testing-library/dom/dist/query-helpers.js:52:17\n    at /home/benjamin/Documents/Ingeneria/frontend/la_cosa_app/node_modules/@testing-library/dom/dist/query-helpers.js:95:19\n    at Object.getByAltText (/home/benjamin/Documents/Ingeneria/frontend/la_cosa_app/public/tests/ShowHandBanner.test.js:45:25)\n    at Promise.then.completed (/home/benjamin/Documents/Ingeneria/frontend/la_cosa_app/node_modules/jest-circus/build/utils.js:298:28)\n    at new Promise (<anonymous>)\n    at callAsyncCircusFn (/home/benjamin/Documents/Ingeneria/frontend/la_cosa_app/node_modules/jest-circus/build/utils.js:231:10)\n    at _callCircusTest (/home/benjamin/Documents/Ingeneria/frontend/la_cosa_app/node_modules/jest-circus/build/run.js:316:40)\n    at processTicksAndRejections (node:internal/process/task_queues:95:5)\n    at _runTest (/home/benjamin/Documents/Ingeneria/frontend/la_cosa_app/node_modules/jest-circus/build/run.js:252:3)\n    at _runTestsForDescribeBlock (/home/benjamin/Documents/Ingeneria/frontend/la_cosa_app/node_modules/jest-circus/build/run.js:126:9)\n    at _runTestsForDescribeBlock (/home/benjamin/Documents/Ingeneria/frontend/la_cosa_app/node_modules/jest-circus/build/run.js:121:9)\n    at run (/home/benjamin/Documents/Ingeneria/frontend/la_cosa_app/node_modules/jest-circus/build/run.js:71:3)\n    at runAndTransformResultsToJestFormat (/home/benjamin/Documents/Ingeneria/frontend/la_cosa_app/node_modules/jest-circus/build/legacy-code-todo-rewrite/jestAdapterInit.js:122:21)\n    at jestAdapter (/home/benjamin/Documents/Ingeneria/frontend/la_cosa_app/node_modules/jest-circus/build/legacy-code-todo-rewrite/jestAdapter.js:79:19)\n    at runTestInternal (/home/benjamin/Documents/Ingeneria/frontend/la_cosa_app/node_modules/jest-runner/build/runTest.js:367:16)\n    at runTest (/home/benjamin/Documents/Ingeneria/frontend/la_cosa_app/node_modules/jest-runner/build/runTest.js:444:34)\n    at Object.worker (/home/benjamin/Documents/Ingeneria/frontend/la_cosa_app/node_modules/jest-runner/build/testWorker.js:106:12)"],"fullName":"ShowHandBanner renderiza el banner correctamente","invocations":1,"location":null,"numPassingAsserts":0,"retryReasons":[],"status":"failed","title":"renderiza el banner correctamente"},{"ancestorTitles":["ShowHandBanner"],"duration":38,"failureDetails":[{"matcherResult":{"pass":true,"message":"expect(element).not.toBeInTheDocument()\n\nexpected document not to contain element, found <div class=\"MuiTypography-root MuiTypography-h5 css-ag7rrr-MuiTypography-root\" style=\"border-bottom: 2px solid black;\">Efecto Whisky</div> instead"}}],"failureMessages":["Error: expect(element).not.toBeInTheDocument()\n\nexpected document not to contain element, found <div class=\"MuiTypography-root MuiTypography-h5 css-ag7rrr-MuiTypography-root\" style=\"border-bottom: 2px solid black;\">Efecto Whisky</div> instead\n\nIgnored nodes: comments, script, style\n\u001b[36m<html>\u001b[39m\n  \u001b[36m<head />\u001b[39m\n  \u001b[36m<body>\u001b[39m\n    \u001b[36m<div>\u001b[39m\n      \u001b[36m<div>\u001b[39m\n        \u001b[36m<div\u001b[39m\n          \u001b[33mstyle\u001b[39m=\u001b[32m\"position: fixed; top: 0px; left: 0px; width: 100%; height: 100%; background-color: rgba(0, 0, 0, 0.6); z-index: 999;\"\u001b[39m\n        \u001b[36m>\u001b[39m\n          \u001b[36m<div\u001b[39m\n            \u001b[33mclass\u001b[39m=\u001b[32m\"MuiPaper-root MuiPaper-elevation MuiPaper-rounded MuiPaper-elevation1 css-1ps6pg7-MuiPaper-root\"\u001b[39m\n            \u001b[33mstyle\u001b[39m=\u001b[32m\"position: absolute; top: 36%; left: 50%; transform: translate(-50%, -50%); padding: 20px; background-color: white; border-radius: 8px; box-shadow: 0 0 10px rgba(0, 0, 0, 0.5); flex-direction: column; min-width: 60%; min-height: 60%; width: 60%;\"\u001b[39m\n          \u001b[36m>\u001b[39m\n            \u001b[36m<div\u001b[39m\n              \u001b[33mclass\u001b[39m=\u001b[32m\"MuiTypography-root MuiTypography-h5 css-ag7rrr-MuiTypography-root\"\u001b[39m\n              \u001b[33mstyle\u001b[39m=\u001b[32m\"border-bottom: 2px solid black;\"\u001b[39m\n            \u001b[36m>\u001b[39m\n              \u001b[0mEfecto \u001b[0m\n              \u001b[0mWhisky\u001b[0m\n            \u001b[36m</div>\u001b[39m\n            \u001b[36m<div\u001b[39m\n              \u001b[33mclass\u001b[39m=\u001b[32m\"MuiTypography-root MuiTypography-h6 css-1q6hquh-MuiTypography-root\"\u001b[39m\n            \u001b[36m>\u001b[39m\n              \u001b[0mEsta es la mano de Ramon\u001b[0m\n            \u001b[36m</div>\u001b[39m\n            \u001b[36m<button\u001b[39m\n              \u001b[33mclass\u001b[39m=\u001b[32m\"MuiButtonBase-root MuiIconButton-root MuiIconButton-sizeMedium css-1g6gnoc-MuiButtonBase-root-MuiIconButton-root\"\u001b[39m\n              \u001b[33mtabindex\u001b[39m=\u001b[32m\"0\"\u001b[39m\n              \u001b[33mtype\u001b[39m=\u001b[32m\"button\"\u001b[39m\n              \u001b[33mvariant\u001b[39m=\u001b[32m\"sharp\"\u001b[39m\n            \u001b[36m>\u001b[39m\n              \u001b[36m<svg\u001b[39m\n                \u001b[33maria-hidden\u001b[39m=\u001b[32m\"true\"\u001b[39m\n                \u001b[33mclass\u001b[39m=\u001b[32m\"MuiSvgIcon-root MuiSvgIcon-fontSizeMedium css-i4bv87-MuiSvgIcon-root\"\u001b[39m\n                \u001b[33mdata-testid\u001b[39m=\u001b[32m\"CloseIcon\"\u001b[39m\n                \u001b[33mfocusable\u001b[39m=\u001b[32m\"false\"\u001b[39m\n                \u001b[33mviewBox\u001b[39m=\u001b[32m\"0 0 24 24\"\u001b[39m\n              \u001b[36m>\u001b[39m\n                \u001b[36m<path\u001b[39m\n                  \u001b[33md\u001b[39m=\u001b[32m\"M19 6.41 17.59 5 12 10.59 6.41 5 5 6.41 10.59 12 5 17.59 6.41 19 12 13.41 17.59 19 19 17.59 13.41 12z\"\u001b[39m\n                \u001b[36m/>\u001b[39m\n              \u001b[36m</svg>\u001b[39m\n              \u001b[36m<span\u001b[39m\n                \u001b[33mclass\u001b[39m=\u001b[32m\"MuiTouchRipple-root css-8je8zh-MuiTouchRipple-root\"\u001b[39m\n              \u001b[36m/>\u001b[39m\n            \u001b[36m</button>\u001b[39m\n            \u001b[36m<div\u001b[39m\n              \u001b[33mclass\u001b[39m=\u001b[32m\"MuiStack-root css-1jrbklc-MuiStack-root\"\u001b[39m\n            \u001b[36m>\u001b[39m\n              \u001b[36m<div>\u001b[39m\n                \u001b[36m<img\u001b[39m\n                  \u001b[33malt\u001b[39m=\u001b[32m\"La Cosa\"\u001b[39m\n                  \u001b[33msrc\u001b[39m=\u001b[32m\"\"\u001b[39m\n                  \u001b[33mstyle\u001b[39m=\u001b[32m\"max-width: 100%; max-height: 100%;\"\u001b[39m\n                \u001b[36m/>\u001b[39m\n              \u001b[36m</div>\u001b[39m\n              \u001b[36m<div>\u001b[39m\n                \u001b[36m<img\u001b[39m\n                  \u001b[33malt\u001b[39m=\u001b[32m\"Sospecha\"\u001b[39m\n                  \u001b[33msrc\u001b[39m=\u001b[32m\"\"\u001b[39m\n                  \u001b[33mstyle\u001b[39m=\u001b[32m\"max-width: 100%; max-height: 100%;\"\u001b[39m\n                \u001b[36m/>\u001b[39m\n              \u001b[36m</div>\u001b[39m\n              \u001b[36m<div>\u001b[39m\n                \u001b[36m<img\u001b[39m\n                  \u001b[33malt\u001b[39m=\u001b[32m\"Lanzallamas\"\u001b[39m\n                  \u001b[33msrc\u001b[39m=\u001b[32m\"\"\u001b[39m\n                  \u001b[33mstyle\u001b[39m=\u001b[32m\"max-width: 100%; max-height: 100%;\"\u001b[39m\n                \u001b[36m/>\u001b[39m\n              \u001b[36m</div>\u001b[39m\n              \u001b[36m<div>\u001b[39m\n                \u001b[36m<img\u001b[39m\n                  \u001b[33malt\u001b[39m=\u001b[32m\"Hacha\"\u001b[39m\n                  \u001b[33msrc\u001b[39m=\u001b[32m\"\"\u001b[39m\n                  \u001b[33mstyle\u001b[39m=\u001b[32m\"max-width: 100%; max-height: 100%;\"\u001b[39m\n                \u001b[36m/>\u001b[39m\n              \u001b[36m</div>\u001b[39m\n            \u001b[36m</div>\u001b[39m\n            \u001b[36m<div\u001b[39m\n              \u001b[33mclass\u001b[39m=\u001b[32m\"MuiBox-root css-1q7njkh\"\u001b[39m\n            \u001b[36m>\u001b[39m\n              \u001b[36m<span\u001b[39m\n                \u001b[33maria-valuemax\u001b[39m=\u001b[32m\"100\"\u001b[39m\n                \u001b[33maria-valuemin\u001b[39m=\u001b[32m\"0\"\u001b[39m\n                \u001b[33maria-valuenow\u001b[39m=\u001b[32m\"100\"\u001b[39m\n                \u001b[33mclass\u001b[39m=\u001b[32m\"MuiLinearProgress-root MuiLinearProgress-colorPrimary MuiLinearProgress-determinate css-8xortt-MuiLinearProgress-root\"\u001b[39m\n                \u001b[33mrole\u001b[39m=\u001b[32m\"progressbar\"\u001b[39m\n              \u001b[36m>\u001b[39m\n                \u001b[36m<span\u001b[39m\n                  \u001b[33mclass\u001b[39m=\u001b[32m\"MuiLinearProgress-bar MuiLinearProgress-barColorPrimary MuiLinearProgress-bar1Determinate css-5xe99f-MuiLinearProgress-bar1\"\u001b[39m\n                  \u001b[33mstyle\u001b[39m=\u001b[32m\"transform: translateX(0%);\"\u001b[39m\n                \u001b[36m/>\u001b[39m\n              \u001b[36m</span>\u001b[39m\n            \u001b[36m</div>\u001b[39m\n          \u001b[36m</div>\u001b[39m\n        \u001b[36m</div>\u001b[39m\n      \u001b[36m</div>\u001b[39m\n    \u001b[36m</div>\u001b[39m\n  \u001b[36m</body>\u001b[39m\n\u001b[36m</html>\u001b[39m...\n    at toBeInTheDocument (/home/benjamin/Documents/Ingeneria/frontend/la_cosa_app/public/tests/ShowHandBanner.test.js:75:37)\n    at runWithExpensiveErrorDiagnosticsDisabled (/home/benjamin/Documents/Ingeneria/frontend/la_cosa_app/node_modules/@testing-library/dom/dist/config.js:47:12)\n    at checkCallback (/home/benjamin/Documents/Ingeneria/frontend/la_cosa_app/node_modules/@testing-library/dom/dist/wait-for.js:123:77)\n    at /home/benjamin/Documents/Ingeneria/frontend/la_cosa_app/node_modules/@testing-library/dom/dist/wait-for.js:78:9"],"fullName":"ShowHandBanner El banner se oculta después de 10 segundos","invocations":1,"location":null,"numPassingAsserts":1,"retryReasons":[],"status":"failed","title":"El banner se oculta después de 10 segundos"}],"endTime":1699814984966,"message":"  ● ShowHandBanner › renderiza el banner correctamente\n\n    TestingLibraryElementError: Unable to find an element with the alt text: Carta La Cosa\n\n    Ignored nodes: comments, script, style\n    \u001b[36m<body>\u001b[39m\n      \u001b[36m<div>\u001b[39m\n        \u001b[36m<div>\u001b[39m\n          \u001b[36m<div\u001b[39m\n            \u001b[33mstyle\u001b[39m=\u001b[32m\"position: fixed; top: 0px; left: 0px; width: 100%; height: 100%; background-color: rgba(0, 0, 0, 0.6); z-index: 999;\"\u001b[39m\n          \u001b[36m>\u001b[39m\n            \u001b[36m<div\u001b[39m\n              \u001b[33mclass\u001b[39m=\u001b[32m\"MuiPaper-root MuiPaper-elevation MuiPaper-rounded MuiPaper-elevation1 css-1ps6pg7-MuiPaper-root\"\u001b[39m\n              \u001b[33mstyle\u001b[39m=\u001b[32m\"position: absolute; top: 36%; left: 50%; transform: translate(-50%, -50%); padding: 20px; background-color: white; border-radius: 8px; box-shadow: 0 0 10px rgba(0, 0, 0, 0.5); flex-direction: column; min-width: 60%; min-height: 60%; width: 60%;\"\u001b[39m\n            \u001b[36m>\u001b[39m\n              \u001b[36m<div\u001b[39m\n                \u001b[33mclass\u001b[39m=\u001b[32m\"MuiTypography-root MuiTypography-h5 css-ag7rrr-MuiTypography-root\"\u001b[39m\n                \u001b[33mstyle\u001b[39m=\u001b[32m\"border-bottom: 2px solid black;\"\u001b[39m\n              \u001b[36m>\u001b[39m\n                \u001b[0mEfecto \u001b[0m\n                \u001b[0mWhisky\u001b[0m\n              \u001b[36m</div>\u001b[39m\n              \u001b[36m<div\u001b[39m\n                \u001b[33mclass\u001b[39m=\u001b[32m\"MuiTypography-root MuiTypography-h6 css-1q6hquh-MuiTypography-root\"\u001b[39m\n              \u001b[36m>\u001b[39m\n                \u001b[0mEsta es la mano de Ramon\u001b[0m\n              \u001b[36m</div>\u001b[39m\n              \u001b[36m<button\u001b[39m\n                \u001b[33mclass\u001b[39m=\u001b[32m\"MuiButtonBase-root MuiIconButton-root MuiIconButton-sizeMedium css-1g6gnoc-MuiButtonBase-root-MuiIconButton-root\"\u001b[39m\n                \u001b[33mtabindex\u001b[39m=\u001b[32m\"0\"\u001b[39m\n                \u001b[33mtype\u001b[39m=\u001b[32m\"button\"\u001b[39m\n                \u001b[33mvariant\u001b[39m=\u001b[32m\"sharp\"\u001b[39m\n              \u001b[36m>\u001b[39m\n                \u001b[36m<svg\u001b[39m\n                  \u001b[33maria-hidden\u001b[39m=\u001b[32m\"true\"\u001b[39m\n                  \u001b[33mclass\u001b[39m=\u001b[32m\"MuiSvgIcon-root MuiSvgIcon-fontSizeMedium css-i4bv87-MuiSvgIcon-root\"\u001b[39m\n                  \u001b[33mdata-testid\u001b[39m=\u001b[32m\"CloseIcon\"\u001b[39m\n                  \u001b[33mfocusable\u001b[39m=\u001b[32m\"false\"\u001b[39m\n                  \u001b[33mviewBox\u001b[39m=\u001b[32m\"0 0 24 24\"\u001b[39m\n                \u001b[36m>\u001b[39m\n                  \u001b[36m<path\u001b[39m\n                    \u001b[33md\u001b[39m=\u001b[32m\"M19 6.41 17.59 5 12 10.59 6.41 5 5 6.41 10.59 12 5 17.59 6.41 19 12 13.41 17.59 19 19 17.59 13.41 12z\"\u001b[39m\n                  \u001b[36m/>\u001b[39m\n                \u001b[36m</svg>\u001b[39m\n                \u001b[36m<span\u001b[39m\n                  \u001b[33mclass\u001b[39m=\u001b[32m\"MuiTouchRipple-root css-8je8zh-MuiTouchRipple-root\"\u001b[39m\n                \u001b[36m/>\u001b[39m\n              \u001b[36m</button>\u001b[39m\n              \u001b[36m<div\u001b[39m\n                \u001b[33mclass\u001b[39m=\u001b[32m\"MuiStack-root css-1jrbklc-MuiStack-root\"\u001b[39m\n              \u001b[36m>\u001b[39m\n                \u001b[36m<div>\u001b[39m\n                  \u001b[36m<img\u001b[39m\n                    \u001b[33malt\u001b[39m=\u001b[32m\"La Cosa\"\u001b[39m\n                    \u001b[33msrc\u001b[39m=
[...]
=\u001b[32m\"100\"\u001b[39m\n                    \u001b[33mclass\u001b[39m=\u001b[32m\"MuiLinearProgress-root MuiLinearProgress-colorPrimary MuiLinearProgress-determinate css-8xortt-MuiLinearProgress-root\"\u001b[39m\n                    \u001b[33mrole\u001b[39m=\u001b[32m\"progressbar\"\u001b[39m\n                  \u001b[36m>\u001b[39m\n                    \u001b[36m<span\u001b[39m\n                      \u001b[33mclass\u001b[39m=\u001b[32m\"MuiLinearProgress-bar MuiLinearProgress-barColorPrimary MuiLinearProgress-bar1Determinate css-5xe99f-MuiLinearProgress-bar1\"\u001b[39m\n                      \u001b[33mstyle\u001b[39m=\u001b[32m\"transform: translateX(0%);\"\u001b[39m\n                    \u001b[36m/>\u001b[39m\n                  \u001b[36m</span>\u001b[39m\n                \u001b[36m</div>\u001b[39m\n              \u001b[36m</div>\u001b[39m\n            \u001b[36m</div>\u001b[39m\n          \u001b[36m</div>\u001b[39m\n        \u001b[36m</div>\u001b[39m\n      \u001b[36m</body>\u001b[39m\n    \u001b[36m</html>\u001b[39m...\n\n      73 |\n      74 |         await waitFor(() => {\n    > 75 |             expect(bannerTexto).not.toBeInTheDocument();\n         |                                     ^\n      76 |         }, { timeout: 500 });\n      77 |     });\n      78 |\n\n      at toBeInTheDocument (public/tests/ShowHandBanner.test.js:75:37)\n      at runWithExpensiveErrorDiagnosticsDisabled (node_modules/@testing-library/dom/dist/config.js:47:12)\n      at checkCallback (node_modules/@testing-library/dom/dist/wait-for.js:123:77)\n      at node_modules/@testing-library/dom/dist/wait-for.js:78:9\n","name":"/home/benjamin/Documents/Ingeneria/frontend/la_cosa_app/public/tests/ShowHandBanner.test.js","startTime":1699814980579,"status":"failed","summary":""},{"assertionResults":[{"ancestorTitles":["Match"],"duration":176,"failureDetails":[{}],"failureMessages":["TypeError: Cannot read properties of undefined (reading 'find')\n    at find (/home/benjamin/Documents/Ingeneria/frontend/la_cosa_app/src/components/PlayerRound/index.jsx:233:42)\n    at renderWithHooks (/home/benjamin/Documents/Ingeneria/frontend/la_cosa_app/node_modules/react-dom/cjs/react-dom.development.js:16305:18)\n    at mountIndeterminateComponent (/home/benjamin/Documents/Ingeneria/frontend/la_cosa_app/node_modules/react-dom/cjs/react-dom.development.js:20074:13)\n    at beginWork (/home/benjamin/Documents/Ingeneria/frontend/la_cosa_app/node_modules/react-dom/cjs/react-dom.development.js:21587:16)\n    at beginWork$1 (/home/benjamin/Documents/Ingeneria/frontend/la_cosa_app/node_modules/react-dom/cjs/react-dom.development.js:27426:14)\n    at performUnitOfWork (/home/benjamin/Documents/Ingeneria/frontend/la_cosa_app/node_modules/react-dom/cjs/react-dom.development.js:26560:12)\n    at workLoopSync (/home/benjamin/Documents/Ingeneria/frontend/la_cosa_app/node_modules/react-dom/cjs/react-dom.development.js:26466:5)\n    at renderRootSync (/home/benjamin/Documents/Ingeneria/frontend/la_cosa_app/node_modules/react-dom/cjs/react-dom.development.js:26434:7)\n    at recoverFromConcurrentError (/home/benjamin/Documents/Ingeneria/frontend/la_cosa_app/node_modules/react-dom/cjs/react-dom.development.js:25850:20)\n    at performConcurrentWorkOnRoot (/home/benjamin/Documents/Ingeneria/frontend/la_cosa_app/node_modules/react-dom/cjs/react-dom.development.js:25750:22)\n    at flushActQueue (/home/benjamin/Documents/Ingeneria/frontend/la_cosa_app/node_modules/react/cjs/react.development.js:2667:24)\n    at act (/home/benjamin/Documents/Ingeneria/frontend/la_cosa_app/node_modules/react/cjs/react.development.js:2582:11)\n    at /home/benjamin/Documents/Ingeneria/frontend/la_cosa_app/node_modules/@testing-library/react/dist/act-compat.js:46:25\n    at renderRoot (/home/benjamin/Documents/Ingeneria/frontend/la_cosa_app/node_modules/@testing-library/react/dist/pure.js:161:26)\n    at render (/home/benjamin/Documents/Ingeneria/frontend/la_cosa_app/node_modules/@testing-library/react/dist/pure.js:247:10)\n    at Object.<anonymous> (/home/benjamin/Documents/Ingeneria/frontend/la_cosa_app/public/tests/Match.test.js:54:39)\n    at Promise.then.completed (/home/benjamin/Documents/Ingeneria/frontend/la_cosa_app/node_modules/jest-circus/build/utils.js:298:28)\n    at new Promise (<anonymous>)\n    at callAsyncCircusFn (/home/benjamin/Documents/Ingeneria/frontend/la_cosa_app/node_modules/jest-circus/build/utils.js:231:10)\n    at _callCircusTest (/home/benjamin/Documents/Ingeneria/frontend/la_cosa_app/node_modules/jest-circus/build/run.js:316:40)\n    at processTicksAndRejections (node:internal/process/task_queues:95:5)\n    at _runTest (/home/benjamin/Documents/Ingeneria/frontend/la_cosa_app/node_modules/jest-circus/build/run.js:252:3)\n    at _runTestsForDescribeBlock (/home/benjamin/Documents/Ingeneria/frontend/la_cosa_app/node_modules/jest-circus/build/run.js:126:9)\n    at _runTestsForDescribeBlock (/home/benjamin/Documents/Ingeneria/frontend/la_cosa_app/node_modules/jest-circus/build/run.js:121:9)\n    at run (/home/benjamin/Documents/Ingeneria/frontend/la_cosa_app/node_modules/jest-circus/build/run.js:71:3)\n    at runAndTransformResultsToJestFormat (/home/benjamin/Documents/Ingeneria/frontend/la_cosa_app/node_modules/jest-circus/build/legacy-code-todo-rewrite/jestAdapterInit.js:122:21)\n    at jestAdapter (/home/benjamin/Documents/Ingeneria/frontend/la_cosa_app/node_modules/jest-circus/build/legacy-code-todo-rewrite/jestAdapter.js:79:19)\n    at runTestInternal (/home/benjamin/Documents/Ingeneria/frontend/la_cosa_app/node_modules/jest-runner/build/runTest.js:367:16)\n    at runTest (/home/benjamin/Documents/Ingeneria/frontend/la_cosa_app/node_modules/jest-runner/build/runTest.js:444:34)\n    at Object.worker (/home/benjamin/Documents/Ingeneria/frontend/la_cosa_app/node_modules/jest-runner/build/testWorker.js:106:12)"],"fullName":"Match debería renderizar la pantalla de juego correctamente","invocations":1,"location":null,"numPassingAsserts":0,"retryReasons":[],"status":"failed","title":"debería renderizar la pantalla de juego correctamente"},{"ancestorTitles":["Match"],"duration":48,"failureDetails":[{}],"failureMessages":["TypeError: actions.setLogs is not a function\n    at setLogs (/home/benjamin/Documents/Ingeneria/frontend/la_cosa_app/src/components/Notifications/index.jsx:49:13)\n    at commitHookEffectListMount (/home/benjamin/Documents/Ingeneria/frontend/la_cosa_app/node_modules/react-dom/cjs/react-dom.development.js:23150:26)\n    at commitPassiveMountOnFiber (/home/benjamin/Documents/Ingeneria/frontend/la_cosa_app/node_modules/react-dom/cjs/react-dom.development.js:24931:11)\n    at commitPassiveMountEffects_complete (/home/benjamin/Documents/Ingeneria/frontend/la_cosa_app/node_modules/react-dom/cjs/react-dom.development.js:24891:9)\n    at commitPassiveMountEffects_begin (/home/benjamin/Documents/Ingeneria/frontend/la_cosa_app/node_modules/react-dom/cjs/react-dom.development.js:24878:7)\n    at commitPassiveMountEffects (/home/benjamin/Documents/Ingeneria/frontend/la_cosa_app/node_modules/react-dom/cjs/react-dom.development.js:24866:3)\n    at flushPassiveEffectsImpl (/home/benjamin/Documents/Ingeneria/frontend/la_cosa_app/node_modules/react-dom/cjs/react-dom.development.js:27039:3)\n    at flushPassiveEffects (/home/benjamin/Documents/Ingeneria/frontend/la_cosa_app/node_modules/react-dom/cjs/react-dom.development.js:26984:14)\n    at /home/benjamin/Documents/Ingeneria/frontend/la_cosa_app/node_modules/react-dom/cjs/react-dom.development.js:26769:9\n    at flushActQueue (/home/benjamin/Documents/Ingeneria/frontend/la_cosa_app/node_modules/react/cjs/react.development.js:2667:24)\n    at act (/home/benjamin/Documents/Ingeneria/frontend/la_cosa_app/node_modules/react/cjs/react.development.js:2582:11)\n    at /home/benjamin/Documents/Ingeneria/frontend/la_cosa_app/node_modules/@testing-library/react/dist/act-compat.js:46:25\n    at renderRoot (/home/benjamin/Documents/Ingeneria/frontend/la_cosa_app/node_modules/@testing-library/react/dist/pure.js:161:26)\n    at render (/home/benjamin/Documents/Ingeneria/frontend/la_cosa_app/node_modules/@testing-library/react/dist/pure.js:247:10)\n    at Object.<anonymous> (/home/benjamin/Documents/Ingeneria/frontend/la_cosa_app/public/tests/Match.test.js:73:50)\n    at Promise.then.completed (/home/benjamin/Documents/Ingeneria/frontend/la_cosa_app/node_modules/jest-circus/build/utils.js:298:28)\n    at new Promise (<anonymous>)\n    at callAsyncCircusFn (/home/benjamin/Documents/Ingeneria/frontend/la_cosa_app/node_modules/jest-circus/build/utils.js:231:10)\n    at _callCircusTest (/home/benjamin/Documents/Ingeneria/frontend/la_cosa_app/node_modules/jest-circus/build/run.js:316:40)\n    at processTicksAndRejections (node:internal/process/task_queues:95:5)\n    at _runTest (/home/benjamin/Documents/Ingeneria/frontend/la_cosa_app/node_modules/jest-circus/build/run.js:252:3)\n    at _runTestsForDescribeBlock (/home/benjamin/Documents/Ingeneria/frontend/la_cosa_app/node_modules/jest-circus/build/run.js:126:9)\n    at _runTestsForDescribeBlock (/home/benjamin/Documents/Ingeneria/frontend/la_cosa_app/node_modules/jest-circus/build/run.js:121:9)\n    at run (/home/benjamin/Documents/Ingeneria/frontend/la_cosa_app/node_modules/jest-circus/build/run.js:71:3)\n    at runAndTransformResultsToJestFormat (/home/benjamin/Documents/Ingeneria/frontend/la_cosa_app/node_modules/jest-circus/build/legacy-code-todo-rewrite/jestAdapterInit.js:122:21)\n    at jestAdapter (/home/benjamin/Documents/Ingeneria/frontend/la_cosa_app/node_modules/jest-circus/build/legacy-code-todo-rewrite/jestAdapter.js:79:19)\n    at runTestInternal (/home/benjamin/Documents/Ingeneria/frontend/la_cosa_app/node_modules/jest-runner/build/runTest.js:367:16)\n    at runTest (/home/benjamin/Documents/Ingeneria/frontend/la_cosa_app/node_modules/jest-runner/build/runTest.js:444:34)\n    at Object.worker (/home/benjamin/Documents/Ingeneria/frontend/la_cosa_app/node_modules/jest-runner/build/testWorker.js:106:12)"],"fullName":"Match debería renderizar la pantalla de muerto correctamente","invocations":1,"location":null,"numPassingAsserts":0,"retryReasons":[],"status":"failed","title":"debería renderizar la pantalla de muerto correctamente"},{"ancestorTitles":["Match"],"duration":46,"failureDetails":[{}],"failureMessages":["TypeError: Cannot read properties of undefined (reading 'find')\n    at find (/home/benjamin/Documents/Ingeneria/frontend/la_cosa_app/src/components/PlayerRound/index.jsx:233:42)\n    at renderWithHooks (/home/benjamin/Documents/Ingeneria/frontend/la_cosa_app/node_modules/react-dom/cjs/react-dom.development.js:16305:18)\n    at mountIndeterminateComponent (/home/benjamin/Documents/Ingeneria/frontend/la_cosa_app/node_modules/react-dom/cjs/react-dom.development.js:20074:13)\n    at beginWork (/home/benjamin/Documents/Ingeneria/frontend/la_cosa_app/node_modules/react-dom/cjs/react-dom.development.js:21587:16)\n    at beginWork$1 (/home/benjamin/Documents/Ingeneria/frontend/la_cosa_app/node_modules/react-dom/cjs/react-dom.development.js:27426:14)\n    at performUnitOfWork (/home/benjamin/Documents/Ingeneria/frontend/la_cosa_app/node_modules/react-dom/cjs/react-dom.development.js:26560:12)\n    at workLoopSync (/home/benjamin/Documents/Ingeneria/frontend/la_cosa_app/node_modules/react-dom/cjs/react-dom.development.js:26466:5)\n    at renderRootSync (/home/benjamin/Documents/Ingeneria/frontend/la_cosa_app/node_modules/react-dom/cjs/react-dom.development.js:26434:7)\n    at recoverFromConcurrentError (/home/benjamin/Documents/Ingeneria/frontend/la_cosa_app/node_modules/react-dom/cjs/react-dom.development.js:25850:20)\n    at performConcurrentWorkOnRoot (/home/benjamin/Documents/Ingeneria/frontend/la_cosa_app/node_modules/react-dom/cjs/react-dom.development.js:25750:22)\n    at flushActQueue (/home/benjamin/Documents/Ingeneria/frontend/la_cosa_app/node_modules/react/cjs/react.development.js:2667:24)\n    at act (/home/benjamin/Documents/Ingeneria/frontend/la_cosa_app/node_modules/react/cjs/react.development.js:2582:11)\n    at /home/benjamin/Documents/Ingeneria/frontend/la_cosa_app/node_modules/@testing-library/react/dist/act-compat.js:46:25\n    at renderRoot (/home/benjamin/Documents/Ingeneria/frontend/la_cosa_app/node_modules/@testing-library/react/dist/pure.js:161:26)\n    at render (/home/benjamin/Documents/Ingeneria/frontend/la_cosa_app/node_modules/@testing-library/react/dist/pure.js:247:10)\n    at Object.<anonymous> (/home/benjamin/Documents/Ingeneria/frontend/la_cosa_app/public/tests/Match.test.js:91:39)\n    at Promise.then.completed (/home/benjamin/Documents/Ingeneria/frontend/la_cosa_app/node_modules/jest-circus/build/utils.js:298:28)\n    at new Promise (<anonymous>)\n    at callAsyncCircusFn (/home/benjamin/Documents/Ingeneria/frontend/la_cosa_app/node_modules/jest-circus/build/utils.js:231:10)\n    at _callCircusTest (/home/benjamin/Documents/Ingeneria/frontend/la_cosa_app/node_modules/jest-circus/build/run.js:316:40)\n    at processTicksAndRejections (node:internal/process/task_queues:95:5)\n    at _runTest (/home/benjamin/Documents/Ingeneria/frontend/la_cosa_app/node_modules/jest-circus/build/run.js:252:3)\n    at _runTestsForDescribeBlock (/home/benjamin/Documents/Ingeneria/frontend/la_cosa_app/node_modules/jest-circus/build/run.js:126:9)\n    at _runTestsForDescribeBlock (/home/benjamin/Documents/Ingeneria/frontend/la_cosa_app/node_modules/jest-circus/build/run.js:121:9)\n    at run (/home/benjamin/Documents/Ingeneria/frontend/la_cosa_app/node_modules/jest-circus/build/run.js:71:3)\n    at runAndTransformResultsToJestFormat (/home/benjamin/Documents/Ingeneria/frontend/la_cosa_app/node_modules/jest-circus/build/legacy-code-todo-rewrite/jestAdapterInit.js:122:21)\n    at jestAdapter (/home/benjamin/Documents/Ingeneria/frontend/la_cosa_app/node_modules/jest-circus/build/legacy-code-todo-rewrite/jestAdapter.js:79:19)\n    at runTestInternal (/home/benjamin/Documents/Ingeneria/frontend/la_cosa_app/node_modules/jest-runner/build/runTest.js:367:16)\n    at runTest (/home/benjamin/Documents/Ingeneria/frontend/la_cosa_app/node_modules/jest-runner/build/runTest.js:444:34)\n    at Object.worker (/home/benjamin/Documents/Ingeneria/frontend/la_cosa_app/node_modules/jest-runner/build/testWorker.js:106:12)"],"fullName":"Match debería renderizar la pantalla de defensa correctamente","invocations":1,"location":null,"numPassingAsserts":0,"retryReasons":[],"status":"failed","title":"debería renderizar la pantalla de defensa correctamente"}],"endTime":1699814985103,"message":"  ● Match › debería renderizar la pantalla de juego correctamente\n\n    TypeError: Cannot read properties of undefined (reading 'find')\n\n      231 |\n      232 |   const currentPlayerName = sessionStorage.getItem(\"player_name\");\n    > 233 |   const currentPlayer = state.posiciones.find(\n          |                                          ^\n      234 |     (player) => player.player_name === currentPlayerName,\n      235 |   );\n      236 |   const totalPlayers = state.posiciones.length;\n\n      at find (src/components/PlayerRound/index.jsx:233:42)\n      at renderWithHooks (node_modules/react-dom/cjs/react-dom.development.js:16305:18)\n      at mountIndeterminateComponent (node_modules/react-dom/cjs/react-dom.development.js:20074:13)\n      at beginWork (node_modules/react-dom/cjs/react-dom.development.js:21587:16)\n      at beginWork$1 (node_modules/react-dom/cjs/react-dom.development.js:27426:14)\n      at performUnitOfWork (node_modules/react-dom/cjs/react-dom.development.js:26560:12)\n      at workLoopSync (node_modules/react-dom/cjs/react-dom.development.js:26466:5)\n      at renderRootSync (node_modules/react-dom/cjs/react-dom.development.js:26434:7)\n      at recoverFromConcurrentError (node_modules/react-dom/cjs/react-dom.development.js:25850:20)\n      at performConcurrentWorkOnRoot (node_modules/react-dom/cjs/react-dom.development.js:25750:22)\n      at flushActQueue (node_modules/react/cjs/react.development.js:2667:24)\n      at act (node_modules/react/cjs/react.development.js:2582:11)\n      at node_modules/@testing-library/react/dist/act-compat.js:46:25\n      at renderRoot (node_modules/@testing-library/react/dist/pure.js:161:26)\n      at render (node_modules/@testing-library/react/dist/pure.js:247:10)\n      at Object.<anonymous> (public/tests/Match.test.js:54:39)\n\n  ● Match › debería renderizar la pantalla de muerto correctamente\n\n    TypeError: actions.setLogs is not a function\n\n      47 |\n      48 |   useEffect(() => {\n    > 49 |     actions.setLogs([]);\n         |             ^\n      50 |     setNotificationsList([]);\n      51 |   }, []);\n      52 |\n\n      at setLogs (src/components/Notifications/index.jsx:49:13)\n      at commitHookEffectListMount (node_modules/react-dom/cjs/react-dom.development.js:23150:26)\n      at commitPassiveMountOnFiber (node_modules/react-dom/cjs/react-dom.development.js:24931:11)\n      at commitPassiveMountEffects_complete (node_modules/react-dom/cjs/react-dom.development.js:24891:9)\n      at commitPassiveMountEffects_begin (node_modules/react-dom/cjs/react-dom.development.js:24878:7)\n      at commitPassiveMountEffects (node_modules/react-dom/cjs/react-dom.development.js:24866:3)\n      at flushPassiveEffectsImpl (node_modules/react-dom/cjs/react-dom.development.js:27039:3)\n      at flushPassiveEffects (node_modules/react-dom/cjs/react-dom.development.js:26984:14)\n      at node_modules/react-dom/cjs/react-dom.development.js:26769:9\n      at flushActQueue (node_modules/react/cjs/react.development.js:2667:24)\n      at act (node_modules/react/cjs/react.development.js:2582:11)\n      at node_modules/@testing-library/react/dist/act-compat.js:46:25\n      at renderRoot (node_modules/@testing-library/react/dist/pure.js:161:26)\n      at render (node_modules/@testing-library/react/dist/pure.js:247:10)\n      at Object.<anonymous> (public/tests/Match.test.js:73:50)\n\n  ● Match › debería renderizar la pantalla de defensa correctamente\n\n    TypeError: Cannot read properties of undefined (reading 'find')\n\n      231 |\n      232 |   const currentPlayerName = sessionStorage.getItem(\"player_name\");\n    > 233 |   const currentPlayer = state.posiciones.find(\n          |                                          ^\n      234 |     (player) => player.player_name === currentPlayerName,\n      235 |   );\n      236 |   const totalPlayers = state.posiciones.length;\n\n      at find (src/components/PlayerRound/index.jsx:233:42)\n      at renderWithHooks (node_modules/react-dom/cjs/react-dom.development.js:16305:18)\n      at mountIndeterminateComponent (node_modules/react-dom/cjs/react-dom.development.js:20074:13)\n      at beginWork (node_modules/react-dom/cjs/react-dom.development.js:21587:16)\n      at beginWork$1 (node_modules/react-dom/cjs/react-dom.development.js:27426:14)\n      at performUnitOfWork (node_modules/react-dom/cjs/react-dom.development.js:26560:12)\n      at workLoopSync (node_modules/react-dom/cjs/react-dom.development.js:26466:5)\n      at renderRootSync (node_modules/react-dom/cjs/react-dom.development.js:26434:7)\n      at recoverFromConcurrentError (node_modules/react-dom/cjs/react-dom.development.js:25850:20)\n      at performConcurrentWorkOnRoot (node_modules/react-dom/cjs/react-dom.development.js:25750:22)\n      at flushActQueue (node_modules/react/cjs/react.development.js:2667:24)\n      at act (node_modules/react/cjs/react.development.js:2582:11)\n      at node_modules/@testing-library/react/dist/act-compat.js:46:25\n      at renderRoot (node_modules/@testing-library/react/dist/pure.js:161:26)\n      at render (node_modules/@testing-library/react/dist/pure.js:247:10)\n      at Object.<anonymous> (public/tests/Match.test.js:91:39)\n","name":"/home/benjamin/Documents/Ingeneria/frontend/la_cosa_app/public/tests/Match.test.js","startTime":1699814980621,"status":"failed","summary":""}],"wasInterrupted":false}
