{"F:\\Bruno\\FAMAF\\Ingenieria del software 2023\\frontend\\la_cosa_app\\public\\tests\\TheThingIcon.mock.webp": {"path":"F:\\Bruno\\FAMAF\\Ingenieria del software 2023\\frontend\\la_cosa_app\\public\\tests\\TheThingIcon.mock.webp","statementMap":{},"fnMap":{},"branchMap":{},"s":{},"f":{},"b":{},"inputSourceMap":null,"_coverageSchema":"1a1c01bbd47fc00a2c39e90264f33305004495a9","hash":"7a9256d1edc1bdf0c2800004b3428bdfde22f7b0"}
,"F:\\Bruno\\FAMAF\\Ingenieria del software 2023\\frontend\\la_cosa_app\\src\\components\\Button\\index.jsx": {"path":"F:\\Bruno\\FAMAF\\Ingenieria del software 2023\\frontend\\la_cosa_app\\src\\components\\Button\\index.jsx","statementMap":{"0":{"start":{"line":6,"column":16},"end":{"line":19,"column":1}},"1":{"start":{"line":7,"column":2},"end":{"line":18,"column":4}},"2":{"start":{"line":13,"column":23},"end":{"line":13,"column":31}}},"fnMap":{"0":{"name":"(anonymous_0)","decl":{"start":{"line":6,"column":16},"end":{"line":6,"column":17}},"loc":{"start":{"line":6,"column":42},"end":{"line":19,"column":1}},"line":6},"1":{"name":"(anonymous_1)","decl":{"start":{"line":13,"column":17},"end":{"line":13,"column":18}},"loc":{"start":{"line":13,"column":23},"end":{"line":13,"column":31}},"line":13}},"branchMap":{},"s":{"0":6,"1":35,"2":10},"f":{"0":35,"1":10},"b":{},"_coverageSchema":"1a1c01bbd47fc00a2c39e90264f33305004495a9","hash":"a94c3506d63f6311852789f9faeccca804db01e6"}
,"F:\\Bruno\\FAMAF\\Ingenieria del software 2023\\frontend\\la_cosa_app\\src\\components\\FormPartida\\index.jsx": {"path":"F:\\Bruno\\FAMAF\\Ingenieria del software 2023\\frontend\\la_cosa_app\\src\\components\\FormPartida\\index.jsx","statementMap":{"0":{"start":{"line":12,"column":15},"end":{"line":25,"column":1}},"1":{"start":{"line":27,"column":25},"end":{"line":37,"column":2}},"2":{"start":{"line":39,"column":20},"end":{"line":128,"column":1}},"3":{"start":{"line":40,"column":19},"end":{"line":40,"column":32}},"4":{"start":{"line":41,"column":26},"end":{"line":41,"column":41}},"5":{"start":{"line":42,"column":34},"end":{"line":42,"column":53}},"6":{"start":{"line":43,"column":26},"end":{"line":43,"column":38}},"7":{"start":{"line":45,"column":22},"end":{"line":50,"column":3}},"8":{"start":{"line":46,"column":4},"end":{"line":48,"column":5}},"9":{"start":{"line":47,"column":6},"end":{"line":47,"column":13}},"10":{"start":{"line":49,"column":4},"end":{"line":49,"column":19}},"11":{"start":{"line":52,"column":2},"end":{"line":127,"column":4}},"12":{"start":{"line":62,"column":8},"end":{"line":72,"column":9}},"13":{"start":{"line":63,"column":30},"end":{"line":63,"column":65}},"14":{"start":{"line":64,"column":27},"end":{"line":64,"column":123}},"15":{"start":{"line":65,"column":10},"end":{"line":67,"column":11}},"16":{"start":{"line":66,"column":12},"end":{"line":66,"column":54}},"17":{"start":{"line":69,"column":10},"end":{"line":69,"column":24}},"18":{"start":{"line":70,"column":10},"end":{"line":70,"column":31}},"19":{"start":{"line":71,"column":10},"end":{"line":71,"column":44}}},"fnMap":{"0":{"name":"(anonymous_0)","decl":{"start":{"line":39,"column":20},"end":{"line":39,"column":21}},"loc":{"start":{"line":39,"column":26},"end":{"line":128,"column":1}},"line":39},"1":{"name":"(anonymous_1)","decl":{"start":{"line":45,"column":22},"end":{"line":45,"column":23}},"loc":{"start":{"line":45,"column":34},"end":{"line":50,"column":3}},"line":45},"2":{"name":"(anonymous_2)","decl":{"start":{"line":61,"column":16},"end":{"line":61,"column":17}},"loc":{"start":{"line":61,"column":34},"end":{"line":73,"column":7}},"line":61},"3":{"name":"(anonymous_3)","decl":{"start":{"line":113,"column":22},"end":{"line":113,"column":23}},"loc":{"start":{"line":113,"column":28},"end":{"line":113,"column":30}},"line":113}},"branchMap":{"0":{"loc":{"start":{"line":46,"column":4},"end":{"line":48,"column":5}},"type":"if","locations":[{"start":{"line":46,"column":4},"end":{"line":48,"column":5}},{"start":{},"end":{}}],"line":46},"1":{"loc":{"start":{"line":65,"column":10},"end":{"line":67,"column":11}},"type":"if","locations":[{"start":{"line":65,"column":10},"end":{"line":67,"column":11}},{"start":{},"end":{}}],"line":65}},"s":{"0":3,"1":3,"2":3,"3":5,"4":5,"5":5,"6":5,"7":5,"8":0,"9":0,"10":0,"11":5,"12":2,"13":2,"14":2,"15":1,"16":1,"17":1,"18":1,"19":1},"f":{"0":5,"1":0,"2":2,"3":3},"b":{"0":[0,0],"1":[1,0]},"_coverageSchema":"1a1c01bbd47fc00a2c39e90264f33305004495a9","hash":"1f9af37c740d3978e3256f1372bc12bf292be927"}
,"F:\\Bruno\\FAMAF\\Ingenieria del software 2023\\frontend\\la_cosa_app\\src\\components\\FormUser\\index.jsx": {"path":"F:\\Bruno\\FAMAF\\Ingenieria del software 2023\\frontend\\la_cosa_app\\src\\components\\FormUser\\index.jsx","statementMap":{"0":{"start":{"line":12,"column":15},"end":{"line":25,"column":1}},"1":{"start":{"line":27,"column":25},"end":{"line":30,"column":2}},"2":{"start":{"line":32,"column":17},"end":{"line":98,"column":1}},"3":{"start":{"line":33,"column":19},"end":{"line":33,"column":32}},"4":{"start":{"line":34,"column":26},"end":{"line":34,"column":41}},"5":{"start":{"line":35,"column":34},"end":{"line":35,"column":53}},"6":{"start":{"line":36,"column":26},"end":{"line":36,"column":38}},"7":{"start":{"line":38,"column":22},"end":{"line":43,"column":3}},"8":{"start":{"line":39,"column":4},"end":{"line":41,"column":5}},"9":{"start":{"line":40,"column":6},"end":{"line":40,"column":13}},"10":{"start":{"line":42,"column":4},"end":{"line":42,"column":19}},"11":{"start":{"line":45,"column":2},"end":{"line":97,"column":4}},"12":{"start":{"line":53,"column":8},"end":{"line":64,"column":9}},"13":{"start":{"line":55,"column":10},"end":{"line":55,"column":66}},"14":{"start":{"line":56,"column":27},"end":{"line":56,"column":63}},"15":{"start":{"line":57,"column":10},"end":{"line":59,"column":11}},"16":{"start":{"line":58,"column":12},"end":{"line":58,"column":56}},"17":{"start":{"line":61,"column":10},"end":{"line":61,"column":24}},"18":{"start":{"line":62,"column":10},"end":{"line":62,"column":31}},"19":{"start":{"line":63,"column":10},"end":{"line":63,"column":44}}},"fnMap":{"0":{"name":"(anonymous_0)","decl":{"start":{"line":32,"column":17},"end":{"line":32,"column":18}},"loc":{"start":{"line":32,"column":23},"end":{"line":98,"column":1}},"line":32},"1":{"name":"(anonymous_1)","decl":{"start":{"line":38,"column":22},"end":{"line":38,"column":23}},"loc":{"start":{"line":38,"column":34},"end":{"line":43,"column":3}},"line":38},"2":{"name":"(anonymous_2)","decl":{"start":{"line":52,"column":16},"end":{"line":52,"column":17}},"loc":{"start":{"line":52,"column":34},"end":{"line":65,"column":7}},"line":52},"3":{"name":"(anonymous_3)","decl":{"start":{"line":83,"column":22},"end":{"line":83,"column":23}},"loc":{"start":{"line":83,"column":28},"end":{"line":83,"column":30}},"line":83}},"branchMap":{"0":{"loc":{"start":{"line":39,"column":4},"end":{"line":41,"column":5}},"type":"if","locations":[{"start":{"line":39,"column":4},"end":{"line":41,"column":5}},{"start":{},"end":{}}],"line":39},"1":{"loc":{"start":{"line":57,"column":10},"end":{"line":59,"column":11}},"type":"if","locations":[{"start":{"line":57,"column":10},"end":{"line":59,"column":11}},{"start":{},"end":{}}],"line":57}},"s":{"0":1,"1":1,"2":1,"3":5,"4":5,"5":5,"6":5,"7":5,"8":0,"9":0,"10":0,"11":5,"12":2,"13":2,"14":2,"15":1,"16":1,"17":1,"18":1,"19":1},"f":{"0":5,"1":0,"2":2,"3":3},"b":{"0":[0,0],"1":[1,0]},"_coverageSchema":"1a1c01bbd47fc00a2c39e90264f33305004495a9","hash":"2f2f7193584c45672656082c50360a3fb9cdad4c"}
,"F:\\Bruno\\FAMAF\\Ingenieria del software 2023\\frontend\\la_cosa_app\\src\\components\\Header\\index.jsx": {"path":"F:\\Bruno\\FAMAF\\Ingenieria del software 2023\\frontend\\la_cosa_app\\src\\components\\Header\\index.jsx","statementMap":{"0":{"start":{"line":10,"column":15},"end":{"line":28,"column":1}},"1":{"start":{"line":11,"column":2},"end":{"line":27,"column":4}},"2":{"start":{"line":22,"column":49},"end":{"line":22,"column":192}}},"fnMap":{"0":{"name":"(anonymous_0)","decl":{"start":{"line":10,"column":15},"end":{"line":10,"column":16}},"loc":{"start":{"line":10,"column":21},"end":{"line":28,"column":1}},"line":10},"1":{"name":"(anonymous_1)","decl":{"start":{"line":22,"column":43},"end":{"line":22,"column":44}},"loc":{"start":{"line":22,"column":49},"end":{"line":22,"column":192}},"line":22}},"branchMap":{},"s":{"0":5,"1":12,"2":1},"f":{"0":12,"1":1},"b":{},"_coverageSchema":"1a1c01bbd47fc00a2c39e90264f33305004495a9","hash":"9593f291c5daba04b03b62d7e8bb92f75f607fb9"}
,"F:\\Bruno\\FAMAF\\Ingenieria del software 2023\\frontend\\la_cosa_app\\src\\components\\PlayersList\\index.jsx": {"path":"F:\\Bruno\\FAMAF\\Ingenieria del software 2023\\frontend\\la_cosa_app\\src\\components\\PlayersList\\index.jsx","statementMap":{"0":{"start":{"line":8,"column":15},"end":{"line":23,"column":1}},"1":{"start":{"line":26,"column":4},"end":{"line":42,"column":6}},"2":{"start":{"line":34,"column":20},"end":{"line":38,"column":31}}},"fnMap":{"0":{"name":"PlayersList","decl":{"start":{"line":25,"column":9},"end":{"line":25,"column":20}},"loc":{"start":{"line":25,"column":36},"end":{"line":43,"column":1}},"line":25},"1":{"name":"(anonymous_1)","decl":{"start":{"line":33,"column":31},"end":{"line":33,"column":32}},"loc":{"start":{"line":34,"column":20},"end":{"line":38,"column":31}},"line":34}},"branchMap":{},"s":{"0":3,"1":2,"2":3},"f":{"0":2,"1":3},"b":{},"_coverageSchema":"1a1c01bbd47fc00a2c39e90264f33305004495a9","hash":"4ec31a80c3826d73af1277e028a966fc83c68c2d"}
,"F:\\Bruno\\FAMAF\\Ingenieria del software 2023\\frontend\\la_cosa_app\\src\\components\\SnackBar\\index.jsx": {"path":"F:\\Bruno\\FAMAF\\Ingenieria del software 2023\\frontend\\la_cosa_app\\src\\components\\SnackBar\\index.jsx","statementMap":{"0":{"start":{"line":11,"column":25},"end":{"line":17,"column":3}},"1":{"start":{"line":19,"column":22},"end":{"line":24,"column":3}},"2":{"start":{"line":26,"column":2},"end":{"line":30,"column":4}}},"fnMap":{"0":{"name":"SnackbarWrapper","decl":{"start":{"line":4,"column":24},"end":{"line":4,"column":39}},"loc":{"start":{"line":10,"column":3},"end":{"line":31,"column":1}},"line":10}},"branchMap":{},"s":{"0":19,"1":19,"2":19},"f":{"0":19},"b":{},"_coverageSchema":"1a1c01bbd47fc00a2c39e90264f33305004495a9","hash":"0eb7e8218cb736eb1dbd737865f6a7063943f231"}
,"F:\\Bruno\\FAMAF\\Ingenieria del software 2023\\frontend\\la_cosa_app\\src\\components\\Table\\index.jsx": {"path":"F:\\Bruno\\FAMAF\\Ingenieria del software 2023\\frontend\\la_cosa_app\\src\\components\\Table\\index.jsx","statementMap":{"0":{"start":{"line":14,"column":24},"end":{"line":22,"column":3}},"1":{"start":{"line":14,"column":58},"end":{"line":22,"column":1}},"2":{"start":{"line":24,"column":23},"end":{"line":32,"column":3}},"3":{"start":{"line":24,"column":56},"end":{"line":32,"column":1}},"4":{"start":{"line":34,"column":25},"end":{"line":94,"column":1}},"5":{"start":{"line":35,"column":19},"end":{"line":35,"column":32}},"6":{"start":{"line":36,"column":26},"end":{"line":36,"column":41}},"7":{"start":{"line":37,"column":34},"end":{"line":37,"column":53}},"8":{"start":{"line":38,"column":26},"end":{"line":38,"column":38}},"9":{"start":{"line":40,"column":22},"end":{"line":45,"column":3}},"10":{"start":{"line":41,"column":4},"end":{"line":43,"column":5}},"11":{"start":{"line":42,"column":6},"end":{"line":42,"column":13}},"12":{"start":{"line":44,"column":4},"end":{"line":44,"column":19}},"13":{"start":{"line":47,"column":31},"end":{"line":60,"column":3}},"14":{"start":{"line":49,"column":4},"end":{"line":59,"column":5}},"15":{"start":{"line":50,"column":23},"end":{"line":50,"column":73}},"16":{"start":{"line":51,"column":6},"end":{"line":53,"column":7}},"17":{"start":{"line":52,"column":8},"end":{"line":52,"column":41}},"18":{"start":{"line":56,"column":6},"end":{"line":56,"column":20}},"19":{"start":{"line":57,"column":6},"end":{"line":57,"column":27}},"20":{"start":{"line":58,"column":6},"end":{"line":58,"column":40}},"21":{"start":{"line":62,"column":20},"end":{"line":62,"column":55}},"22":{"start":{"line":63,"column":19},"end":{"line":63,"column":21}},"23":{"start":{"line":65,"column":2},"end":{"line":93,"column":4}},"24":{"start":{"line":79,"column":12},"end":{"line":86,"column":29}},"25":{"start":{"line":79,"column":64},"end":{"line":79,"column":114}}},"fnMap":{"0":{"name":"(anonymous_0)","decl":{"start":{"line":14,"column":42},"end":{"line":14,"column":43}},"loc":{"start":{"line":14,"column":58},"end":{"line":22,"column":1}},"line":14},"1":{"name":"(anonymous_1)","decl":{"start":{"line":24,"column":40},"end":{"line":24,"column":41}},"loc":{"start":{"line":24,"column":56},"end":{"line":32,"column":1}},"line":24},"2":{"name":"(anonymous_2)","decl":{"start":{"line":34,"column":25},"end":{"line":34,"column":26}},"loc":{"start":{"line":34,"column":39},"end":{"line":94,"column":1}},"line":34},"3":{"name":"(anonymous_3)","decl":{"start":{"line":40,"column":22},"end":{"line":40,"column":23}},"loc":{"start":{"line":40,"column":34},"end":{"line":45,"column":3}},"line":40},"4":{"name":"(anonymous_4)","decl":{"start":{"line":47,"column":31},"end":{"line":47,"column":32}},"loc":{"start":{"line":47,"column":76},"end":{"line":60,"column":3}},"line":47},"5":{"name":"(anonymous_5)","decl":{"start":{"line":78,"column":28},"end":{"line":78,"column":29}},"loc":{"start":{"line":79,"column":12},"end":{"line":86,"column":29}},"line":79},"6":{"name":"(anonymous_6)","decl":{"start":{"line":79,"column":58},"end":{"line":79,"column":59}},"loc":{"start":{"line":79,"column":64},"end":{"line":79,"column":114}},"line":79}},"branchMap":{"0":{"loc":{"start":{"line":41,"column":4},"end":{"line":43,"column":5}},"type":"if","locations":[{"start":{"line":41,"column":4},"end":{"line":43,"column":5}},{"start":{},"end":{}}],"line":41},"1":{"loc":{"start":{"line":51,"column":6},"end":{"line":53,"column":7}},"type":"if","locations":[{"start":{"line":51,"column":6},"end":{"line":53,"column":7}},{"start":{},"end":{}}],"line":51},"2":{"loc":{"start":{"line":78,"column":11},"end":{"line":87,"column":12}},"type":"binary-expr","locations":[{"start":{"line":78,"column":11},"end":{"line":78,"column":15}},{"start":{"line":78,"column":19},"end":{"line":87,"column":12}}],"line":78}},"s":{"0":3,"1":60,"2":3,"3":6,"4":3,"5":9,"6":9,"7":9,"8":9,"9":9,"10":0,"11":0,"12":0,"13":9,"14":2,"15":2,"16":1,"17":1,"18":1,"19":1,"20":1,"21":9,"22":9,"23":9,"24":6,"25":2},"f":{"0":60,"1":6,"2":9,"3":0,"4":2,"5":6,"6":2},"b":{"0":[0,0],"1":[1,0],"2":[9,8]},"_coverageSchema":"1a1c01bbd47fc00a2c39e90264f33305004495a9","hash":"1f7d43ddc1158dc8c135b3f20c69b36f014f6d91"}
,"F:\\Bruno\\FAMAF\\Ingenieria del software 2023\\frontend\\la_cosa_app\\src\\screens\\Lobby\\index.jsx": {"path":"F:\\Bruno\\FAMAF\\Ingenieria del software 2023\\frontend\\la_cosa_app\\src\\screens\\Lobby\\index.jsx","statementMap":{"0":{"start":{"line":13,"column":14},"end":{"line":49,"column":1}},"1":{"start":{"line":14,"column":21},"end":{"line":14,"column":34}},"2":{"start":{"line":15,"column":38},"end":{"line":15,"column":50}},"3":{"start":{"line":16,"column":27},"end":{"line":16,"column":38}},"4":{"start":{"line":19,"column":4},"end":{"line":25,"column":11}},"5":{"start":{"line":20,"column":29},"end":{"line":23,"column":7}},"6":{"start":{"line":21,"column":25},"end":{"line":21,"column":55}},"7":{"start":{"line":22,"column":8},"end":{"line":22,"column":44}},"8":{"start":{"line":24,"column":6},"end":{"line":24,"column":23}},"9":{"start":{"line":27,"column":4},"end":{"line":48,"column":6}},"10":{"start":{"line":42,"column":28},"end":{"line":42,"column":57}}},"fnMap":{"0":{"name":"(anonymous_0)","decl":{"start":{"line":13,"column":14},"end":{"line":13,"column":15}},"loc":{"start":{"line":13,"column":20},"end":{"line":49,"column":1}},"line":13},"1":{"name":"(anonymous_1)","decl":{"start":{"line":19,"column":14},"end":{"line":19,"column":15}},"loc":{"start":{"line":19,"column":20},"end":{"line":25,"column":5}},"line":19},"2":{"name":"(anonymous_2)","decl":{"start":{"line":20,"column":29},"end":{"line":20,"column":30}},"loc":{"start":{"line":20,"column":41},"end":{"line":23,"column":7}},"line":20},"3":{"name":"(anonymous_3)","decl":{"start":{"line":42,"column":22},"end":{"line":42,"column":23}},"loc":{"start":{"line":42,"column":28},"end":{"line":42,"column":57}},"line":42}},"branchMap":{},"s":{"0":2,"1":1,"2":1,"3":1,"4":1,"5":1,"6":1,"7":0,"8":1,"9":1,"10":0},"f":{"0":1,"1":1,"2":1,"3":0},"b":{},"_coverageSchema":"1a1c01bbd47fc00a2c39e90264f33305004495a9","hash":"17b644b8894f23efa7ee9552575307e9a84ea56b"}
,"F:\\Bruno\\FAMAF\\Ingenieria del software 2023\\frontend\\la_cosa_app\\src\\screens\\MainPage\\index.jsx": {"path":"F:\\Bruno\\FAMAF\\Ingenieria del software 2023\\frontend\\la_cosa_app\\src\\screens\\MainPage\\index.jsx","statementMap":{"0":{"start":{"line":11,"column":15},"end":{"line":28,"column":1}},"1":{"start":{"line":30,"column":17},"end":{"line":84,"column":1}},"2":{"start":{"line":31,"column":34},"end":{"line":31,"column":46}},"3":{"start":{"line":32,"column":34},"end":{"line":32,"column":49}},"4":{"start":{"line":34,"column":2},"end":{"line":40,"column":9}},"5":{"start":{"line":35,"column":22},"end":{"line":38,"column":5}},"6":{"start":{"line":36,"column":18},"end":{"line":36,"column":37}},"7":{"start":{"line":37,"column":6},"end":{"line":37,"column":23}},"8":{"start":{"line":39,"column":4},"end":{"line":39,"column":16}},"9":{"start":{"line":43,"column":2},"end":{"line":83,"column":4}},"10":{"start":{"line":52,"column":28},"end":{"line":52,"column":50}},"11":{"start":{"line":70,"column":36},"end":{"line":73,"column":19}},"12":{"start":{"line":71,"column":32},"end":{"line":71,"column":51}},"13":{"start":{"line":72,"column":20},"end":{"line":72,"column":37}},"14":{"start":{"line":74,"column":18},"end":{"line":74,"column":30}}},"fnMap":{"0":{"name":"(anonymous_0)","decl":{"start":{"line":30,"column":17},"end":{"line":30,"column":18}},"loc":{"start":{"line":30,"column":23},"end":{"line":84,"column":1}},"line":30},"1":{"name":"(anonymous_1)","decl":{"start":{"line":34,"column":12},"end":{"line":34,"column":13}},"loc":{"start":{"line":34,"column":18},"end":{"line":40,"column":3}},"line":34},"2":{"name":"(anonymous_2)","decl":{"start":{"line":35,"column":22},"end":{"line":35,"column":23}},"loc":{"start":{"line":35,"column":34},"end":{"line":38,"column":5}},"line":35},"3":{"name":"(anonymous_3)","decl":{"start":{"line":52,"column":22},"end":{"line":52,"column":23}},"loc":{"start":{"line":52,"column":28},"end":{"line":52,"column":50}},"line":52},"4":{"name":"(anonymous_4)","decl":{"start":{"line":69,"column":16},"end":{"line":69,"column":17}},"loc":{"start":{"line":69,"column":22},"end":{"line":75,"column":17}},"line":69},"5":{"name":"(anonymous_5)","decl":{"start":{"line":70,"column":36},"end":{"line":70,"column":37}},"loc":{"start":{"line":70,"column":48},"end":{"line":73,"column":19}},"line":70}},"branchMap":{"0":{"loc":{"start":{"line":49,"column":11},"end":{"line":55,"column":11}},"type":"binary-expr","locations":[{"start":{"line":49,"column":11},"end":{"line":49,"column":20}},{"start":{"line":50,"column":12},"end":{"line":54,"column":14}}],"line":49},"1":{"loc":{"start":{"line":56,"column":11},"end":{"line":56,"column":38}},"type":"binary-expr","locations":[{"start":{"line":56,"column":11},"end":{"line":56,"column":19}},{"start":{"line":56,"column":23},"end":{"line":56,"column":38}}],"line":56}},"s":{"0":2,"1":2,"2":6,"3":5,"4":5,"5":3,"6":3,"7":3,"8":3,"9":5,"10":0,"11":2,"12":2,"13":2,"14":2},"f":{"0":6,"1":3,"2":3,"3":0,"4":2,"5":2},"b":{"0":[5,5],"1":[5,0]},"_coverageSchema":"1a1c01bbd47fc00a2c39e90264f33305004495a9","hash":"b2df96b5380b211c8c9864a9862721a290255eaa"}
,"F:\\Bruno\\FAMAF\\Ingenieria del software 2023\\frontend\\la_cosa_app\\src\\screens\\Partida_iniciada\\index.jsx": {"path":"F:\\Bruno\\FAMAF\\Ingenieria del software 2023\\frontend\\la_cosa_app\\src\\screens\\Partida_iniciada\\index.jsx","statementMap":{"0":{"start":{"line":2,"column":25},"end":{"line":6,"column":1}},"1":{"start":{"line":3,"column":4},"end":{"line":5,"column":6}}},"fnMap":{"0":{"name":"(anonymous_0)","decl":{"start":{"line":2,"column":25},"end":{"line":2,"column":26}},"loc":{"start":{"line":2,"column":31},"end":{"line":6,"column":1}},"line":2}},"branchMap":{},"s":{"0":1,"1":1},"f":{"0":1},"b":{},"_coverageSchema":"1a1c01bbd47fc00a2c39e90264f33305004495a9","hash":"dc088f25cde1b5ad2f28c74597438c7070d85958"}
,"F:\\Bruno\\FAMAF\\Ingenieria del software 2023\\frontend\\la_cosa_app\\src\\screens\\SelectName\\index.jsx": {"path":"F:\\Bruno\\FAMAF\\Ingenieria del software 2023\\frontend\\la_cosa_app\\src\\screens\\SelectName\\index.jsx","statementMap":{"0":{"start":{"line":5,"column":14},"end":{"line":12,"column":1}},"1":{"start":{"line":14,"column":19},"end":{"line":23,"column":1}},"2":{"start":{"line":15,"column":2},"end":{"line":22,"column":3}}},"fnMap":{"0":{"name":"(anonymous_0)","decl":{"start":{"line":14,"column":19},"end":{"line":14,"column":20}},"loc":{"start":{"line":14,"column":25},"end":{"line":23,"column":1}},"line":14}},"branchMap":{},"s":{"0":1,"1":1,"2":4},"f":{"0":4},"b":{},"_coverageSchema":"1a1c01bbd47fc00a2c39e90264f33305004495a9","hash":"47e0c6cd55caae9cc0510e45ff25d7735b8d2467"}
,"F:\\Bruno\\FAMAF\\Ingenieria del software 2023\\frontend\\la_cosa_app\\src\\utils\\api.js": {"path":"F:\\Bruno\\FAMAF\\Ingenieria del software 2023\\frontend\\la_cosa_app\\src\\utils\\api.js","statementMap":{"0":{"start":{"line":4,"column":26},"end":{"line":17,"column":1}},"1":{"start":{"line":5,"column":19},"end":{"line":5,"column":33}},"2":{"start":{"line":6,"column":2},"end":{"line":6,"column":46}},"3":{"start":{"line":7,"column":2},"end":{"line":16,"column":3}},"4":{"start":{"line":8,"column":21},"end":{"line":11,"column":5}},"5":{"start":{"line":12,"column":4},"end":{"line":12,"column":20}},"6":{"start":{"line":14,"column":4},"end":{"line":14,"column":23}},"7":{"start":{"line":15,"column":4},"end":{"line":15,"column":16}},"8":{"start":{"line":20,"column":29},"end":{"line":38,"column":1}},"9":{"start":{"line":26,"column":2},"end":{"line":37,"column":3}},"10":{"start":{"line":27,"column":21},"end":{"line":32,"column":6}},"11":{"start":{"line":33,"column":4},"end":{"line":33,"column":20}},"12":{"start":{"line":35,"column":4},"end":{"line":35,"column":23}},"13":{"start":{"line":36,"column":4},"end":{"line":36,"column":16}},"14":{"start":{"line":40,"column":28},"end":{"line":52,"column":1}},"15":{"start":{"line":41,"column":2},"end":{"line":51,"column":3}},"16":{"start":{"line":42,"column":16},"end":{"line":42,"column":53}},"17":{"start":{"line":44,"column":21},"end":{"line":46,"column":6}},"18":{"start":{"line":47,"column":4},"end":{"line":47,"column":20}},"19":{"start":{"line":49,"column":4},"end":{"line":49,"column":23}},"20":{"start":{"line":50,"column":4},"end":{"line":50,"column":14}},"21":{"start":{"line":55,"column":27},"end":{"line":64,"column":1}},"22":{"start":{"line":56,"column":2},"end":{"line":63,"column":3}},"23":{"start":{"line":57,"column":21},"end":{"line":57,"column":72}},"24":{"start":{"line":58,"column":4},"end":{"line":60,"column":5}},"25":{"start":{"line":59,"column":6},"end":{"line":59,"column":35}},"26":{"start":{"line":62,"column":4},"end":{"line":62,"column":23}},"27":{"start":{"line":67,"column":25},"end":{"line":79,"column":1}},"28":{"start":{"line":68,"column":2},"end":{"line":78,"column":3}},"29":{"start":{"line":69,"column":21},"end":{"line":73,"column":6}},"30":{"start":{"line":74,"column":4},"end":{"line":74,"column":20}},"31":{"start":{"line":76,"column":4},"end":{"line":76,"column":23}},"32":{"start":{"line":77,"column":4},"end":{"line":77,"column":16}}},"fnMap":{"0":{"name":"(anonymous_0)","decl":{"start":{"line":4,"column":26},"end":{"line":4,"column":27}},"loc":{"start":{"line":4,"column":49},"end":{"line":17,"column":1}},"line":4},"1":{"name":"(anonymous_1)","decl":{"start":{"line":20,"column":29},"end":{"line":20,"column":30}},"loc":{"start":{"line":25,"column":5},"end":{"line":38,"column":1}},"line":25},"2":{"name":"(anonymous_2)","decl":{"start":{"line":40,"column":28},"end":{"line":40,"column":29}},"loc":{"start":{"line":40,"column":50},"end":{"line":52,"column":1}},"line":40},"3":{"name":"(anonymous_3)","decl":{"start":{"line":55,"column":27},"end":{"line":55,"column":28}},"loc":{"start":{"line":55,"column":39},"end":{"line":64,"column":1}},"line":55},"4":{"name":"(anonymous_4)","decl":{"start":{"line":67,"column":25},"end":{"line":67,"column":26}},"loc":{"start":{"line":67,"column":70},"end":{"line":79,"column":1}},"line":67}},"branchMap":{"0":{"loc":{"start":{"line":58,"column":4},"end":{"line":60,"column":5}},"type":"if","locations":[{"start":{"line":58,"column":4},"end":{"line":60,"column":5}},{"start":{},"end":{}}],"line":58}},"s":{"0":6,"1":2,"2":2,"3":2,"4":2,"5":1,"6":1,"7":1,"8":6,"9":2,"10":2,"11":1,"12":1,"13":1,"14":6,"15":3,"16":3,"17":3,"18":1,"19":1,"20":1,"21":6,"22":5,"23":5,"24":5,"25":2,"26":3,"27":6,"28":2,"29":2,"30":1,"31":1,"32":1},"f":{"0":2,"1":2,"2":3,"3":5,"4":2},"b":{"0":[2,0]},"_coverageSchema":"1a1c01bbd47fc00a2c39e90264f33305004495a9","hash":"d2581cda025e64166c3c6c42d6fd47c26c09137d"}
}
