TN:
SF:public\tests\TheThingIcon.mock.webp
FNF:0
FNH:0
LF:0
LH:0
BRF:0
BRH:0
end_of_record
TN:
SF:src\components\Button\index.jsx
FN:6,(anonymous_0)
FN:13,(anonymous_1)
FNF:2
FNH:2
FNDA:35,(anonymous_0)
FNDA:10,(anonymous_1)
DA:6,6
DA:7,35
DA:13,10
LF:3
LH:3
BRF:0
BRH:0
end_of_record
TN:
SF:src\components\FormPartida\index.jsx
FN:39,(anonymous_0)
FN:45,(anonymous_1)
FN:61,(anonymous_2)
FN:113,(anonymous_3)
FNF:4
FNH:3
FNDA:5,(anonymous_0)
FNDA:0,(anonymous_1)
FNDA:2,(anonymous_2)
FNDA:3,(anonymous_3)
DA:12,3
DA:27,3
DA:39,3
DA:40,5
DA:41,5
DA:42,5
DA:43,5
DA:45,5
DA:46,0
DA:47,0
DA:49,0
DA:52,5
DA:62,2
DA:63,2
DA:64,2
DA:65,1
DA:66,1
DA:69,1
DA:70,1
DA:71,1
LF:20
LH:17
BRDA:46,0,0,0
BRDA:46,0,1,0
BRDA:65,1,0,1
BRDA:65,1,1,0
BRF:4
BRH:1
end_of_record
TN:
SF:src\components\FormUser\index.jsx
FN:32,(anonymous_0)
FN:38,(anonymous_1)
FN:52,(anonymous_2)
FN:83,(anonymous_3)
FNF:4
FNH:3
FNDA:5,(anonymous_0)
FNDA:0,(anonymous_1)
FNDA:2,(anonymous_2)
FNDA:3,(anonymous_3)
DA:12,1
DA:27,1
DA:32,1
DA:33,5
DA:34,5
DA:35,5
DA:36,5
DA:38,5
DA:39,0
DA:40,0
DA:42,0
DA:45,5
DA:53,2
DA:55,2
DA:56,2
DA:57,1
DA:58,1
DA:61,1
DA:62,1
DA:63,1
LF:20
LH:17
BRDA:39,0,0,0
BRDA:39,0,1,0
BRDA:57,1,0,1
BRDA:57,1,1,0
BRF:4
BRH:1
end_of_record
TN:
SF:src\components\Header\index.jsx
FN:10,(anonymous_0)
FN:22,(anonymous_1)
FNF:2
FNH:2
FNDA:12,(anonymous_0)
FNDA:1,(anonymous_1)
DA:10,5
DA:11,12
DA:22,1
LF:3
LH:3
BRF:0
BRH:0
end_of_record
TN:
SF:src\components\PlayersList\index.jsx
FN:25,PlayersList
FN:33,(anonymous_1)
FNF:2
FNH:2
FNDA:2,PlayersList
FNDA:3,(anonymous_1)
DA:8,3
DA:26,2
DA:34,3
LF:3
LH:3
BRF:0
BRH:0
end_of_record
TN:
SF:src\components\SnackBar\index.jsx
FN:4,SnackbarWrapper
FNF:1
FNH:1
FNDA:19,SnackbarWrapper
DA:11,19
DA:19,19
DA:26,19
LF:3
LH:3
BRF:0
BRH:0
end_of_record
TN:
SF:src\components\Table\index.jsx
FN:14,(anonymous_0)
FN:24,(anonymous_1)
FN:34,(anonymous_2)
FN:40,(anonymous_3)
FN:47,(anonymous_4)
FN:78,(anonymous_5)
FN:79,(anonymous_6)
FNF:7
FNH:6
FNDA:60,(anonymous_0)
FNDA:6,(anonymous_1)
FNDA:9,(anonymous_2)
FNDA:0,(anonymous_3)
FNDA:2,(anonymous_4)
FNDA:6,(anonymous_5)
FNDA:2,(anonymous_6)
DA:14,60
DA:24,6
DA:34,3
DA:35,9
DA:36,9
DA:37,9
DA:38,9
DA:40,9
DA:41,0
DA:42,0
DA:44,0
DA:47,9
DA:49,2
DA:50,2
DA:51,1
DA:52,1
DA:56,1
DA:57,1
DA:58,1
DA:62,9
DA:63,9
DA:65,9
DA:79,6
LF:23
LH:20
BRDA:41,0,0,0
BRDA:41,0,1,0
BRDA:51,1,0,1
BRDA:51,1,1,0
BRDA:78,2,0,9
BRDA:78,2,1,8
BRF:6
BRH:3
end_of_record
TN:
SF:src\screens\Lobby\index.jsx
FN:13,(anonymous_0)
FN:19,(anonymous_1)
FN:20,(anonymous_2)
FN:42,(anonymous_3)
FNF:4
FNH:3
FNDA:1,(anonymous_0)
FNDA:1,(anonymous_1)
FNDA:1,(anonymous_2)
FNDA:0,(anonymous_3)
DA:13,2
DA:14,1
DA:15,1
DA:16,1
DA:19,1
DA:20,1
DA:21,1
DA:22,0
DA:24,1
DA:27,1
DA:42,0
LF:11
LH:9
BRF:0
BRH:0
end_of_record
TN:
SF:src\screens\MainPage\index.jsx
FN:30,(anonymous_0)
FN:34,(anonymous_1)
FN:35,(anonymous_2)
FN:52,(anonymous_3)
FN:69,(anonymous_4)
FN:70,(anonymous_5)
FNF:6
FNH:5
FNDA:6,(anonymous_0)
FNDA:3,(anonymous_1)
FNDA:3,(anonymous_2)
FNDA:0,(anonymous_3)
FNDA:2,(anonymous_4)
FNDA:2,(anonymous_5)
DA:11,2
DA:30,2
DA:31,6
DA:32,5
DA:34,5
DA:35,3
DA:36,3
DA:37,3
DA:39,3
DA:43,5
DA:52,0
DA:70,2
DA:71,2
DA:72,2
DA:74,2
LF:15
LH:14
BRDA:49,0,0,5
BRDA:49,0,1,5
BRDA:56,1,0,5
BRDA:56,1,1,0
BRF:4
BRH:3
end_of_record
TN:
SF:src\screens\Partida_iniciada\index.jsx
FN:2,(anonymous_0)
FNF:1
FNH:1
FNDA:1,(anonymous_0)
DA:2,1
DA:3,1
LF:2
LH:2
BRF:0
BRH:0
end_of_record
TN:
SF:src\screens\SelectName\index.jsx
FN:14,(anonymous_0)
FNF:1
FNH:1
FNDA:4,(anonymous_0)
DA:5,1
DA:14,1
DA:15,4
LF:3
LH:3
BRF:0
BRH:0
end_of_record
TN:
SF:src\utils\api.js
FN:4,(anonymous_0)
FN:20,(anonymous_1)
FN:40,(anonymous_2)
FN:55,(anonymous_3)
FN:67,(anonymous_4)
FNF:5
FNH:5
FNDA:2,(anonymous_0)
FNDA:2,(anonymous_1)
FNDA:3,(anonymous_2)
FNDA:5,(anonymous_3)
FNDA:2,(anonymous_4)
DA:4,6
DA:5,2
DA:6,2
DA:7,2
DA:8,2
DA:12,1
DA:14,1
DA:15,1
DA:20,6
DA:26,2
DA:27,2
DA:33,1
DA:35,1
DA:36,1
DA:40,6
DA:41,3
DA:42,3
DA:44,3
DA:47,1
DA:49,1
DA:50,1
DA:55,6
DA:56,5
DA:57,5
DA:58,5
DA:59,2
DA:62,3
DA:67,6
DA:68,2
DA:69,2
DA:74,1
DA:76,1
DA:77,1
LF:33
LH:33
BRDA:58,0,0,2
BRDA:58,0,1,0
BRF:2
BRH:1
end_of_record
