TN:
SF:public\tests\TheThingIcon.mock.webp
FNF:0
FNH:0
LF:0
LH:0
BRF:0
BRH:0
end_of_record
TN:
SF:src\components\Button\index.jsx
FN:6,(anonymous_0)
FN:13,(anonymous_1)
FNF:2
FNH:2
FNDA:15,(anonymous_0)
FNDA:5,(anonymous_1)
DA:6,5
DA:7,15
DA:13,5
LF:3
LH:3
BRF:0
BRH:0
end_of_record
TN:
SF:src\components\FormPartida\index.jsx
FN:26,(anonymous_0)
FN:32,(anonymous_1)
FN:47,(anonymous_2)
FN:100,(anonymous_3)
FNF:4
FNH:3
FNDA:2,(anonymous_0)
FNDA:0,(anonymous_1)
FNDA:1,(anonymous_2)
FNDA:1,(anonymous_3)
DA:11,3
DA:26,3
DA:27,2
DA:28,2
DA:29,2
DA:30,2
DA:32,2
DA:33,0
DA:34,0
DA:36,0
DA:39,2
DA:48,1
DA:49,1
DA:50,1
DA:51,1
DA:52,1
DA:53,0
DA:56,0
DA:57,0
DA:58,0
LF:20
LH:13
BRDA:33,0,0,0
BRDA:33,0,1,0
BRDA:52,1,0,0
BRDA:52,1,1,1
BRF:4
BRH:1
end_of_record
TN:
SF:src\components\FormUser\index.jsx
FN:25,(anonymous_0)
FN:31,(anonymous_1)
FN:46,(anonymous_2)
FN:77,(anonymous_3)
FNF:4
FNH:3
FNDA:3,(anonymous_0)
FNDA:0,(anonymous_1)
FNDA:2,(anonymous_2)
FNDA:2,(anonymous_3)
DA:10,1
DA:25,1
DA:26,3
DA:27,3
DA:28,3
DA:29,3
DA:31,3
DA:32,0
DA:33,0
DA:35,0
DA:40,3
DA:47,2
DA:49,2
DA:50,2
DA:51,1
DA:52,1
DA:55,1
DA:56,1
DA:57,1
LF:19
LH:16
BRDA:32,0,0,0
BRDA:32,0,1,0
BRDA:51,1,0,1
BRDA:51,1,1,0
BRF:4
BRH:1
end_of_record
TN:
SF:src\components\Header\index.jsx
FN:10,(anonymous_0)
FN:22,(anonymous_1)
FNF:2
FNH:2
FNDA:6,(anonymous_0)
FNDA:1,(anonymous_1)
DA:10,3
DA:11,6
DA:22,1
LF:3
LH:3
BRF:0
BRH:0
end_of_record
TN:
SF:src\components\PlayersList\index.jsx
FN:25,PlayersList
FN:33,(anonymous_1)
FNF:2
FNH:0
FNDA:0,PlayersList
FNDA:0,(anonymous_1)
DA:8,1
DA:26,0
DA:34,0
LF:3
LH:1
BRF:0
BRH:0
end_of_record
TN:
SF:src\components\SnackBar\index.jsx
FN:4,SnackbarWrapper
FNF:1
FNH:1
FNDA:5,SnackbarWrapper
DA:11,5
DA:19,5
DA:26,5
LF:3
LH:3
BRF:0
BRH:0
end_of_record
TN:
SF:src\components\Table\index.jsx
FN:13,(anonymous_0)
FN:23,(anonymous_1)
FN:33,(anonymous_2)
FN:36,(anonymous_3)
FN:58,(anonymous_4)
FN:59,(anonymous_5)
FNF:6
FNH:4
FNDA:12,(anonymous_0)
FNDA:1,(anonymous_1)
FNDA:2,(anonymous_2)
FNDA:0,(anonymous_3)
FNDA:1,(anonymous_4)
FNDA:0,(anonymous_5)
DA:13,12
DA:23,3
DA:33,3
DA:34,2
DA:36,2
DA:37,0
DA:38,0
DA:39,0
DA:43,2
DA:44,2
DA:46,2
DA:59,1
LF:12
LH:9
BRDA:38,0,0,0
BRDA:38,0,1,0
BRDA:58,1,0,2
BRDA:58,1,1,2
BRF:4
BRH:2
end_of_record
TN:
SF:src\screens\MainPage\index.jsx
FN:30,(anonymous_0)
FN:34,(anonymous_1)
FN:35,(anonymous_2)
FN:52,(anonymous_3)
FN:69,(anonymous_4)
FN:70,(anonymous_5)
FNF:6
FNH:3
FNDA:1,(anonymous_0)
FNDA:1,(anonymous_1)
FNDA:1,(anonymous_2)
FNDA:0,(anonymous_3)
FNDA:0,(anonymous_4)
FNDA:0,(anonymous_5)
DA:11,2
DA:30,2
DA:31,1
DA:32,1
DA:34,1
DA:35,1
DA:36,1
DA:37,0
DA:39,1
DA:43,1
DA:52,0
DA:70,0
DA:71,0
DA:72,0
DA:74,0
LF:15
LH:9
BRDA:49,0,0,1
BRDA:49,0,1,1
BRDA:56,1,0,1
BRDA:56,1,1,0
BRF:4
BRH:3
end_of_record
TN:
SF:src\screens\SelectName\index.jsx
FN:14,(anonymous_0)
FNF:1
FNH:1
FNDA:3,(anonymous_0)
DA:5,1
DA:14,1
DA:15,3
LF:3
LH:3
BRF:0
BRH:0
end_of_record
TN:
SF:src\utils\api.js
FN:4,(anonymous_0)
FN:20,(anonymous_1)
FN:40,(anonymous_2)
FN:55,(anonymous_3)
FN:67,(anonymous_4)
FNF:5
FNH:4
FNDA:2,(anonymous_0)
FNDA:1,(anonymous_1)
FNDA:2,(anonymous_2)
FNDA:1,(anonymous_3)
FNDA:0,(anonymous_4)
DA:4,5
DA:5,2
DA:6,2
DA:7,2
DA:8,2
DA:12,1
DA:14,1
DA:15,1
DA:20,5
DA:26,1
DA:27,1
DA:33,1
DA:35,0
DA:36,0
DA:40,5
DA:41,2
DA:42,2
DA:44,2
DA:47,1
DA:49,1
DA:50,1
DA:55,5
DA:56,1
DA:57,1
DA:58,0
DA:59,0
DA:62,0
DA:67,5
DA:68,0
DA:69,0
DA:74,0
DA:76,0
LF:32
LH:23
BRDA:58,0,0,0
BRDA:58,0,1,0
BRF:2
BRH:0
end_of_record
